[ERROR] [2018-03-01 14:30:23] com.diyililu.server.netty.handler.ServerHandler[66] - 服务器异常[null]!
[ERROR] [2018-03-01 14:30:41] com.diyililu.server.netty.handler.ServerHandler[66] - 服务器异常[null]!
[ERROR] [2018-03-01 14:32:30] com.diyililu.server.netty.handler.ServerHandler[66] - 服务器异常[null]!
[ERROR] [2018-03-01 14:32:30] com.diyililu.server.netty.handler.ServerHandler[66] - 服务器异常[null]!
[ERROR] [2018-03-01 14:32:43] com.diyililu.server.netty.handler.ServerHandler[66] - 服务器异常[远程主机强迫关闭了一个现有的连接。]!
[ERROR] [2018-03-01 14:32:47] com.diyililu.server.netty.handler.ServerHandler[66] - 服务器异常[null]!
[ERROR] [2018-03-01 14:33:13] com.diyililu.server.netty.handler.ServerHandler[66] - 服务器异常[null]!
[ERROR] [2018-03-01 14:39:15] com.diyililu.server.netty.handler.ServerHandler[66] - 服务器异常[null]!
[ERROR] [2018-03-01 14:44:09] com.diyililu.server.netty.handler.ServerHandler[66] - 服务器异常[null]!
[ERROR] [2018-03-01 14:44:38] com.diyililu.server.netty.handler.ServerHandler[66] - 服务器异常[null]!
[ERROR] [2018-03-01 14:46:45] com.diyililu.server.netty.handler.ServerHandler[66] - 服务器异常[null]!
[ERROR] [2018-03-01 14:52:36] com.diyililu.server.netty.handler.ServerHandler[66] - 服务器异常[No bean named 'onlineCacheProvider' available]!
[ERROR] [2018-03-01 14:53:13] com.diyililu.server.netty.handler.ServerHandler[66] - 服务器异常[No bean named 'onlineCacheProvider' available]!
[ERROR] [2018-03-01 14:54:21] com.diyililu.server.netty.handler.ServerHandler[66] - 服务器异常[null]!
[ERROR] [2018-03-01 14:55:40] com.diyililu.server.netty.handler.ServerHandler[66] - 服务器异常[null]!
[ERROR] [2018-03-01 14:56:31] com.diyililu.server.netty.handler.ServerHandler[66] - 服务器异常[null]!
[ERROR] [2018-03-01 14:56:53] com.diyililu.server.netty.handler.ServerHandler[66] - 服务器异常[null]!
[ERROR] [2018-03-01 14:57:43] com.diyililu.server.netty.handler.ServerHandler[66] - 服务器异常[null]!
[ERROR] [2018-03-01 19:06:00] com.diyiliu.server.netty.handler.ServerHandler[81] - 服务器异常[远程主机强迫关闭了一个现有的连接。]!
[ERROR] [2018-03-01 19:07:13] com.diyiliu.client.netty.handler.ClientHandler[58] - 客户端异常[远程主机强迫关闭了一个现有的连接。]!
[ERROR] [2018-03-01 19:07:13] com.diyiliu.client.netty.handler.ClientHandler[58] - 客户端异常[远程主机强迫关闭了一个现有的连接。]!
[ERROR] [2018-03-01 19:16:46] com.diyiliu.server.netty.handler.ServerHandler[78] - 服务器异常[远程主机强迫关闭了一个现有的连接。]!
[ERROR] [2018-03-01 19:16:50] com.diyiliu.server.netty.handler.ServerHandler[78] - 服务器异常[远程主机强迫关闭了一个现有的连接。]!
[ERROR] [2018-03-01 19:20:00] com.diyiliu.client.netty.handler.ClientHandler[60] - 客户端异常[远程主机强迫关闭了一个现有的连接。]!
[ERROR] [2018-03-01 19:20:00] com.diyiliu.client.netty.handler.ClientHandler[60] - 客户端异常[远程主机强迫关闭了一个现有的连接。]!
[ERROR] [2018-03-01 19:20:43] com.diyiliu.server.netty.handler.ServerHandler[79] - 服务器异常[远程主机强迫关闭了一个现有的连接。]!
[ERROR] [2018-03-01 19:21:20] com.diyiliu.server.netty.handler.ServerHandler[79] - 服务器异常[远程主机强迫关闭了一个现有的连接。]!
[ERROR] [2018-03-01 20:06:22] com.diyiliu.server.netty.handler.ServerHandler[81] - 服务器异常[远程主机强迫关闭了一个现有的连接。]!
[ERROR] [2018-03-01 20:09:44] com.diyiliu.server.netty.handler.ServerHandler[81] - 服务器异常[远程主机强迫关闭了一个现有的连接。]!
[ERROR] [2018-03-01 20:19:40] com.diyiliu.server.netty.handler.ServerHandler[78] - 服务器异常[远程主机强迫关闭了一个现有的连接。]!
[ERROR] [2018-03-01 20:19:44] com.diyiliu.server.netty.handler.ServerHandler[78] - 服务器异常[远程主机强迫关闭了一个现有的连接。]!
[ERROR] [2018-03-01 20:19:47] com.diyiliu.server.netty.handler.ServerHandler[78] - 服务器异常[远程主机强迫关闭了一个现有的连接。]!
[ERROR] [2018-03-01 20:27:19] com.diyiliu.server.netty.handler.ServerHandler[78] - 服务器异常[远程主机强迫关闭了一个现有的连接。]!
[ERROR] [2018-03-01 20:27:20] com.diyiliu.client.netty.handler.ClientHandler[58] - 客户端异常[远程主机强迫关闭了一个现有的连接。]!
[ERROR] [2018-03-01 20:27:20] com.diyiliu.client.netty.handler.ClientHandler[58] - 客户端异常[远程主机强迫关闭了一个现有的连接。]!
[ERROR] [2018-03-01 20:30:33] com.diyiliu.client.netty.handler.ClientHandler[58] - 客户端异常[远程主机强迫关闭了一个现有的连接。]!
[ERROR] [2018-03-01 20:30:33] com.diyiliu.client.netty.handler.ClientHandler[58] - 客户端异常[远程主机强迫关闭了一个现有的连接。]!
[ERROR] [2018-03-01 20:30:33] com.diyiliu.client.netty.handler.ClientHandler[58] - 客户端异常[远程主机强迫关闭了一个现有的连接。]!
