[INFO ] [2018-03-01 13:19:36] com.diyililu.server.netty.ChatServer [52] - 服务器启动...
[INFO ] [2018-03-01 13:20:09] com.diyililu.server.netty.handler.ServerHandler [20] - 建立连接...
[INFO ] [2018-03-01 13:41:17] com.diyililu.server.netty.ChatServer [53] - 服务器启动...
[INFO ] [2018-03-01 13:41:23] com.diyiliu.client.netty.ChatClient [76] - DBP客户端, 尝试第1次重连...
[INFO ] [2018-03-01 13:41:23] com.diyiliu.client.netty.ChatClient [58] - DBP客户端启动...
[INFO ] [2018-03-01 13:41:23] com.diyililu.server.netty.handler.ServerHandler [20] - 建立连接...
[INFO ] [2018-03-01 13:41:23] com.diyiliu.client.netty.handler.ClientHandler [21] - 已连接服务器...
[INFO ] [2018-03-01 13:41:36] com.diyililu.server.netty.handler.ServerHandler [26] - 断开连接...
[INFO ] [2018-03-01 13:48:25] com.diyiliu.client.netty.ChatClient [76] - DBP客户端, 尝试第1次重连...
[INFO ] [2018-03-01 13:48:36] com.diyiliu.client.netty.ChatClient [76] - DBP客户端, 尝试第2次重连...
[INFO ] [2018-03-01 13:48:38] com.diyililu.server.netty.ChatServer [53] - 服务器启动...
[INFO ] [2018-03-01 13:48:47] com.diyiliu.client.netty.ChatClient [76] - DBP客户端, 尝试第3次重连...
[INFO ] [2018-03-01 13:48:47] com.diyiliu.client.netty.ChatClient [58] - DBP客户端启动...
[INFO ] [2018-03-01 13:48:47] com.diyiliu.client.netty.handler.ClientHandler [21] - 已连接服务器...
[INFO ] [2018-03-01 13:48:47] com.diyililu.server.netty.handler.ServerHandler [24] - 建立连接...
[INFO ] [2018-03-01 13:49:15] com.diyililu.server.netty.handler.ServerHandler [30] - 断开连接...
[INFO ] [2018-03-01 14:03:40] com.diyililu.server.netty.ChatServer [53] - 服务器启动...
[INFO ] [2018-03-01 14:04:18] com.diyililu.server.netty.handler.ServerHandler [26] - [192.168.1.132:60143]建立连接...
[INFO ] [2018-03-01 14:04:25] com.diyililu.server.netty.handler.ServerHandler [32] - [192.168.1.132:60143]断开连接...
[INFO ] [2018-03-01 14:18:39] com.diyililu.server.netty.ChatServer [53] - 服务器启动...
[INFO ] [2018-03-01 14:18:44] com.diyiliu.client.netty.handler.ClientHandler [22] - 已连接服务器...
[INFO ] [2018-03-01 14:18:44] com.diyiliu.client.netty.ChatClient [58] - DBP客户端启动...
[INFO ] [2018-03-01 14:18:44] com.diyililu.server.netty.handler.ServerHandler [32] - [192.168.1.132:60475]建立连接...
[INFO ] [2018-03-01 14:19:59] com.diyililu.server.netty.ChatServer [53] - 服务器启动...
[INFO ] [2018-03-01 14:20:16] com.diyiliu.client.netty.handler.ClientHandler [22] - 已连接服务器...
[INFO ] [2018-03-01 14:20:16] com.diyiliu.client.netty.ChatClient [58] - 客户端启动...
[INFO ] [2018-03-01 14:20:16] com.diyililu.server.netty.handler.ServerHandler [32] - [192.168.1.132:60565]建立连接...
[INFO ] [2018-03-01 14:21:01] com.diyililu.server.netty.handler.ServerHandler [32] - [192.168.1.132:60590]建立连接...
[INFO ] [2018-03-01 14:21:01] com.diyiliu.client.netty.handler.ClientHandler [22] - 已连接服务器...
[INFO ] [2018-03-01 14:21:01] com.diyiliu.client.netty.ChatClient [58] - 客户端启动...
[INFO ] [2018-03-01 14:22:06] com.diyiliu.client.netty.ChatClient [76] - 客户端, 尝试第1次重连...
[INFO ] [2018-03-01 14:22:17] com.diyiliu.client.netty.ChatClient [76] - 客户端, 尝试第2次重连...
[INFO ] [2018-03-01 14:22:22] com.diyililu.server.netty.ChatServer [53] - 服务器启动...
[INFO ] [2018-03-01 14:22:28] com.diyiliu.client.netty.ChatClient [76] - 客户端, 尝试第3次重连...
[INFO ] [2018-03-01 14:22:28] com.diyiliu.client.netty.handler.ClientHandler [22] - 已连接服务器...
[INFO ] [2018-03-01 14:22:28] com.diyiliu.client.netty.ChatClient [58] - 客户端启动...
[INFO ] [2018-03-01 14:22:28] com.diyililu.server.netty.handler.ServerHandler [32] - [192.168.1.132:60697]建立连接...
[INFO ] [2018-03-01 14:22:55] com.diyiliu.client.netty.ChatClient [76] - 客户端, 尝试第1次重连...
[INFO ] [2018-03-01 14:23:06] com.diyiliu.client.netty.ChatClient [76] - 客户端, 尝试第2次重连...
[INFO ] [2018-03-01 14:23:17] com.diyiliu.client.netty.ChatClient [76] - 客户端, 尝试第3次重连...
[INFO ] [2018-03-01 14:23:28] com.diyiliu.client.netty.ChatClient [76] - 客户端, 尝试第4次重连...
[INFO ] [2018-03-01 14:30:03] org.springframework.context.support.ClassPathXmlApplicationContext [589] - Refreshing org.springframework.context.support.ClassPathXmlApplicationContext@3d74bf60: startup date [Thu Mar 01 14:30:03 CST 2018]; root of context hierarchy
[INFO ] [2018-03-01 14:30:03] org.springframework.beans.factory.xml.XmlBeanDefinitionReader [316] - Loading XML bean definitions from class path resource [applicationContext.xml]
[INFO ] [2018-03-01 14:30:06] com.diyililu.server.netty.ChatServer [53] - 服务器启动...
[INFO ] [2018-03-01 14:30:23] com.diyiliu.client.netty.handler.ClientHandler [22] - 已连接服务器...
[INFO ] [2018-03-01 14:30:23] com.diyiliu.client.netty.ChatClient [58] - 客户端启动...
[INFO ] [2018-03-01 14:30:23] com.diyililu.server.netty.handler.ServerHandler [29] - [192.168.1.132:60984]建立连接...
[INFO ] [2018-03-01 14:30:51] com.diyiliu.client.netty.ChatClient [76] - 客户端, 尝试第1次重连...
[INFO ] [2018-03-01 14:31:02] com.diyiliu.client.netty.ChatClient [76] - 客户端, 尝试第2次重连...
[INFO ] [2018-03-01 14:32:22] org.springframework.context.support.ClassPathXmlApplicationContext [589] - Refreshing org.springframework.context.support.ClassPathXmlApplicationContext@3d74bf60: startup date [Thu Mar 01 14:32:22 CST 2018]; root of context hierarchy
[INFO ] [2018-03-01 14:32:22] org.springframework.beans.factory.xml.XmlBeanDefinitionReader [316] - Loading XML bean definitions from class path resource [applicationContext.xml]
[INFO ] [2018-03-01 14:32:24] com.diyililu.server.netty.ChatServer [53] - 服务器启动...
[INFO ] [2018-03-01 14:32:30] com.diyiliu.client.netty.handler.ClientHandler [22] - 已连接服务器...
[INFO ] [2018-03-01 14:32:30] com.diyiliu.client.netty.ChatClient [58] - 客户端启动...
[INFO ] [2018-03-01 14:32:30] com.diyililu.server.netty.handler.ServerHandler [29] - [192.168.1.132:61092]建立连接...
[INFO ] [2018-03-01 14:32:47] com.diyiliu.client.netty.handler.ClientHandler [22] - 已连接服务器...
[INFO ] [2018-03-01 14:32:47] com.diyiliu.client.netty.ChatClient [58] - 客户端启动...
[INFO ] [2018-03-01 14:32:47] com.diyililu.server.netty.handler.ServerHandler [29] - [192.168.1.132:61115]建立连接...
[INFO ] [2018-03-01 14:37:27] org.springframework.context.support.ClassPathXmlApplicationContext [589] - Refreshing org.springframework.context.support.ClassPathXmlApplicationContext@2b98378d: startup date [Thu Mar 01 14:37:27 CST 2018]; root of context hierarchy
[INFO ] [2018-03-01 14:37:27] org.springframework.beans.factory.xml.XmlBeanDefinitionReader [316] - Loading XML bean definitions from class path resource [applicationContext.xml]
[INFO ] [2018-03-01 14:37:50] org.springframework.context.support.ClassPathXmlApplicationContext [589] - Refreshing org.springframework.context.support.ClassPathXmlApplicationContext@3d74bf60: startup date [Thu Mar 01 14:37:50 CST 2018]; root of context hierarchy
[INFO ] [2018-03-01 14:37:50] org.springframework.beans.factory.xml.XmlBeanDefinitionReader [316] - Loading XML bean definitions from class path resource [applicationContext.xml]
[INFO ] [2018-03-01 14:38:50] org.springframework.context.support.ClassPathXmlApplicationContext [589] - Refreshing org.springframework.context.support.ClassPathXmlApplicationContext@3d74bf60: startup date [Thu Mar 01 14:38:50 CST 2018]; root of context hierarchy
[INFO ] [2018-03-01 14:38:50] org.springframework.beans.factory.xml.XmlBeanDefinitionReader [316] - Loading XML bean definitions from class path resource [applicationContext.xml]
[INFO ] [2018-03-01 14:38:52] com.diyililu.server.netty.ChatServer [58] - 服务器启动...
[INFO ] [2018-03-01 14:39:01] com.diyililu.server.netty.handler.ServerHandler [29] - [192.168.1.132:61285]建立连接...
[INFO ] [2018-03-01 14:42:57] org.springframework.context.support.ClassPathXmlApplicationContext [589] - Refreshing org.springframework.context.support.ClassPathXmlApplicationContext@3d74bf60: startup date [Thu Mar 01 14:42:57 CST 2018]; root of context hierarchy
[INFO ] [2018-03-01 14:42:58] org.springframework.beans.factory.xml.XmlBeanDefinitionReader [316] - Loading XML bean definitions from class path resource [applicationContext.xml]
[INFO ] [2018-03-01 14:43:00] com.diyililu.server.netty.ChatServer [58] - 服务器启动...
[INFO ] [2018-03-01 14:43:14] com.diyililu.server.netty.handler.ServerHandler [29] - [192.168.1.132:61486]建立连接...
[INFO ] [2018-03-01 14:43:55] org.springframework.context.support.ClassPathXmlApplicationContext [589] - Refreshing org.springframework.context.support.ClassPathXmlApplicationContext@3d74bf60: startup date [Thu Mar 01 14:43:55 CST 2018]; root of context hierarchy
[INFO ] [2018-03-01 14:43:56] org.springframework.beans.factory.xml.XmlBeanDefinitionReader [316] - Loading XML bean definitions from class path resource [applicationContext.xml]
[INFO ] [2018-03-01 14:43:58] com.diyililu.server.netty.ChatServer [58] - 服务器启动...
[INFO ] [2018-03-01 14:44:01] com.diyililu.server.netty.handler.ServerHandler [29] - [192.168.1.132:61530]建立连接...
[INFO ] [2018-03-01 14:44:28] org.springframework.context.support.ClassPathXmlApplicationContext [589] - Refreshing org.springframework.context.support.ClassPathXmlApplicationContext@3d74bf60: startup date [Thu Mar 01 14:44:28 CST 2018]; root of context hierarchy
[INFO ] [2018-03-01 14:44:28] org.springframework.beans.factory.xml.XmlBeanDefinitionReader [316] - Loading XML bean definitions from class path resource [applicationContext.xml]
[INFO ] [2018-03-01 14:44:30] com.diyililu.server.netty.ChatServer [58] - 服务器启动...
[INFO ] [2018-03-01 14:44:32] com.diyililu.server.netty.handler.ServerHandler [29] - [192.168.1.132:61570]建立连接...
[INFO ] [2018-03-01 14:45:19] org.springframework.context.support.ClassPathXmlApplicationContext [589] - Refreshing org.springframework.context.support.ClassPathXmlApplicationContext@3d74bf60: startup date [Thu Mar 01 14:45:19 CST 2018]; root of context hierarchy
[INFO ] [2018-03-01 14:45:19] org.springframework.beans.factory.xml.XmlBeanDefinitionReader [316] - Loading XML bean definitions from class path resource [applicationContext.xml]
[INFO ] [2018-03-01 14:45:21] com.diyililu.server.netty.ChatServer [58] - 服务器启动...
[INFO ] [2018-03-01 14:45:37] com.diyililu.server.netty.handler.ServerHandler [29] - [192.168.1.132:61612]建立连接...
[INFO ] [2018-03-01 14:46:16] org.springframework.context.support.ClassPathXmlApplicationContext [589] - Refreshing org.springframework.context.support.ClassPathXmlApplicationContext@3d74bf60: startup date [Thu Mar 01 14:46:16 CST 2018]; root of context hierarchy
[INFO ] [2018-03-01 14:46:16] org.springframework.beans.factory.xml.XmlBeanDefinitionReader [316] - Loading XML bean definitions from class path resource [applicationContext.xml]
[INFO ] [2018-03-01 14:46:19] com.diyililu.server.netty.ChatServer [58] - 服务器启动...
[INFO ] [2018-03-01 14:46:22] com.diyililu.server.netty.handler.ServerHandler [29] - [192.168.1.132:61657]建立连接...
[INFO ] [2018-03-01 14:48:18] org.springframework.context.support.ClassPathXmlApplicationContext [589] - Refreshing org.springframework.context.support.ClassPathXmlApplicationContext@15c43bd9: startup date [Thu Mar 01 14:48:18 CST 2018]; root of context hierarchy
[INFO ] [2018-03-01 14:48:18] org.springframework.beans.factory.xml.XmlBeanDefinitionReader [316] - Loading XML bean definitions from class path resource [applicationContext.xml]
[INFO ] [2018-03-01 14:48:21] com.diyililu.server.netty.ChatServer [58] - 服务器启动...
[INFO ] [2018-03-01 14:48:27] com.diyililu.server.netty.handler.ServerHandler [29] - [192.168.1.132:61735]建立连接...
[INFO ] [2018-03-01 14:48:31] com.diyililu.server.netty.handler.ServerHandler [37] - [192.168.1.132:61735]断开连接...
[INFO ] [2018-03-01 14:48:33] com.diyililu.server.netty.handler.ServerHandler [29] - [192.168.1.132:61736]建立连接...
[INFO ] [2018-03-01 14:50:15] org.springframework.context.support.ClassPathXmlApplicationContext [589] - Refreshing org.springframework.context.support.ClassPathXmlApplicationContext@3d74bf60: startup date [Thu Mar 01 14:50:15 CST 2018]; root of context hierarchy
[INFO ] [2018-03-01 14:50:15] org.springframework.beans.factory.xml.XmlBeanDefinitionReader [316] - Loading XML bean definitions from class path resource [applicationContext.xml]
[INFO ] [2018-03-01 14:50:45] org.springframework.context.support.ClassPathXmlApplicationContext [589] - Refreshing org.springframework.context.support.ClassPathXmlApplicationContext@3d74bf60: startup date [Thu Mar 01 14:50:45 CST 2018]; root of context hierarchy
[INFO ] [2018-03-01 14:50:45] org.springframework.beans.factory.xml.XmlBeanDefinitionReader [316] - Loading XML bean definitions from class path resource [applicationContext.xml]
[INFO ] [2018-03-01 14:51:41] org.springframework.context.support.ClassPathXmlApplicationContext [589] - Refreshing org.springframework.context.support.ClassPathXmlApplicationContext@2b98378d: startup date [Thu Mar 01 14:51:41 CST 2018]; root of context hierarchy
[INFO ] [2018-03-01 14:51:41] org.springframework.beans.factory.xml.XmlBeanDefinitionReader [316] - Loading XML bean definitions from class path resource [applicationContext.xml]
[INFO ] [2018-03-01 14:52:29] org.springframework.context.support.ClassPathXmlApplicationContext [589] - Refreshing org.springframework.context.support.ClassPathXmlApplicationContext@2b98378d: startup date [Thu Mar 01 14:52:29 CST 2018]; root of context hierarchy
[INFO ] [2018-03-01 14:52:29] org.springframework.beans.factory.xml.XmlBeanDefinitionReader [316] - Loading XML bean definitions from class path resource [applicationContext.xml]
[INFO ] [2018-03-01 14:52:30] com.diyililu.server.netty.ChatServer [58] - 服务器启动...
[INFO ] [2018-03-01 14:52:36] com.diyililu.server.netty.handler.ServerHandler [29] - [192.168.1.132:61848]建立连接...
[INFO ] [2018-03-01 14:53:03] org.springframework.context.support.ClassPathXmlApplicationContext [589] - Refreshing org.springframework.context.support.ClassPathXmlApplicationContext@3d74bf60: startup date [Thu Mar 01 14:53:03 CST 2018]; root of context hierarchy
[INFO ] [2018-03-01 14:53:03] org.springframework.beans.factory.xml.XmlBeanDefinitionReader [316] - Loading XML bean definitions from class path resource [applicationContext.xml]
[INFO ] [2018-03-01 14:53:05] com.diyililu.server.netty.ChatServer [58] - 服务器启动...
[INFO ] [2018-03-01 14:53:08] com.diyililu.server.netty.handler.ServerHandler [29] - [192.168.1.132:61888]建立连接...
[INFO ] [2018-03-01 14:54:16] org.springframework.context.support.ClassPathXmlApplicationContext [589] - Refreshing org.springframework.context.support.ClassPathXmlApplicationContext@15c43bd9: startup date [Thu Mar 01 14:54:16 CST 2018]; root of context hierarchy
[INFO ] [2018-03-01 14:54:16] org.springframework.beans.factory.xml.XmlBeanDefinitionReader [316] - Loading XML bean definitions from class path resource [applicationContext.xml]
[INFO ] [2018-03-01 14:54:18] com.diyililu.server.netty.ChatServer [58] - 服务器启动...
[INFO ] [2018-03-01 14:54:21] com.diyililu.server.netty.handler.ServerHandler [29] - [192.168.1.132:61933]建立连接...
[INFO ] [2018-03-01 14:55:34] org.springframework.context.support.ClassPathXmlApplicationContext [589] - Refreshing org.springframework.context.support.ClassPathXmlApplicationContext@15c43bd9: startup date [Thu Mar 01 14:55:34 CST 2018]; root of context hierarchy
[INFO ] [2018-03-01 14:55:34] org.springframework.beans.factory.xml.XmlBeanDefinitionReader [316] - Loading XML bean definitions from class path resource [applicationContext.xml]
[INFO ] [2018-03-01 14:55:36] com.diyililu.server.netty.ChatServer [58] - 服务器启动...
[INFO ] [2018-03-01 14:55:40] com.diyililu.server.netty.handler.ServerHandler [29] - [192.168.1.132:61997]建立连接...
[INFO ] [2018-03-01 14:56:15] org.springframework.context.support.ClassPathXmlApplicationContext [589] - Refreshing org.springframework.context.support.ClassPathXmlApplicationContext@15c43bd9: startup date [Thu Mar 01 14:56:15 CST 2018]; root of context hierarchy
[INFO ] [2018-03-01 14:56:15] org.springframework.beans.factory.xml.XmlBeanDefinitionReader [316] - Loading XML bean definitions from class path resource [applicationContext.xml]
[INFO ] [2018-03-01 14:56:17] com.diyililu.server.netty.ChatServer [58] - 服务器启动...
[INFO ] [2018-03-01 14:56:24] com.diyililu.server.netty.handler.ServerHandler [29] - [192.168.1.132:62041]建立连接...
[INFO ] [2018-03-01 14:56:40] com.diyililu.server.netty.handler.ServerHandler [29] - [192.168.1.132:62044]建立连接...
[INFO ] [2018-03-01 14:57:35] org.springframework.context.support.ClassPathXmlApplicationContext [589] - Refreshing org.springframework.context.support.ClassPathXmlApplicationContext@15c43bd9: startup date [Thu Mar 01 14:57:35 CST 2018]; root of context hierarchy
[INFO ] [2018-03-01 14:57:35] org.springframework.beans.factory.xml.XmlBeanDefinitionReader [316] - Loading XML bean definitions from class path resource [applicationContext.xml]
[INFO ] [2018-03-01 14:57:37] com.diyililu.server.netty.ChatServer [58] - 服务器启动...
[INFO ] [2018-03-01 14:57:40] com.diyililu.server.netty.handler.ServerHandler [29] - [192.168.1.132:62090]建立连接...
[INFO ] [2018-03-01 14:59:30] org.springframework.context.support.ClassPathXmlApplicationContext [589] - Refreshing org.springframework.context.support.ClassPathXmlApplicationContext@15c43bd9: startup date [Thu Mar 01 14:59:30 CST 2018]; root of context hierarchy
[INFO ] [2018-03-01 14:59:30] org.springframework.beans.factory.xml.XmlBeanDefinitionReader [316] - Loading XML bean definitions from class path resource [applicationContext.xml]
[INFO ] [2018-03-01 14:59:33] com.diyiliu.server.netty.ChatServer [58] - 服务器启动...
[INFO ] [2018-03-01 14:59:37] com.diyiliu.server.netty.handler.ServerHandler [29] - [192.168.1.132:62165]建立连接...
[INFO ] [2018-03-01 14:59:39] com.diyiliu.server.netty.handler.ServerHandler [37] - [192.168.1.132:62165]断开连接...
[INFO ] [2018-03-01 14:59:54] com.diyiliu.server.netty.handler.ServerHandler [29] - [192.168.1.132:62168]建立连接...
[INFO ] [2018-03-01 15:00:49] org.springframework.context.support.ClassPathXmlApplicationContext [589] - Refreshing org.springframework.context.support.ClassPathXmlApplicationContext@3d74bf60: startup date [Thu Mar 01 15:00:49 CST 2018]; root of context hierarchy
[INFO ] [2018-03-01 15:00:49] org.springframework.beans.factory.xml.XmlBeanDefinitionReader [316] - Loading XML bean definitions from class path resource [applicationContext.xml]
[INFO ] [2018-03-01 15:00:51] com.diyiliu.server.netty.ChatServer [58] - 服务器启动...
[INFO ] [2018-03-01 15:00:54] com.diyiliu.server.netty.handler.ServerHandler [29] - [192.168.1.132:62229]建立连接...
[INFO ] [2018-03-01 15:00:57] com.diyiliu.server.netty.handler.ServerHandler [37] - [192.168.1.132:62229]断开连接...
[INFO ] [2018-03-01 15:01:02] com.diyiliu.server.netty.handler.ServerHandler [29] - [192.168.1.132:62232]建立连接...
[INFO ] [2018-03-01 15:03:09] org.springframework.context.support.ClassPathXmlApplicationContext [589] - Refreshing org.springframework.context.support.ClassPathXmlApplicationContext@3d74bf60: startup date [Thu Mar 01 15:03:09 CST 2018]; root of context hierarchy
[INFO ] [2018-03-01 15:03:09] org.springframework.beans.factory.xml.XmlBeanDefinitionReader [316] - Loading XML bean definitions from class path resource [applicationContext.xml]
[INFO ] [2018-03-01 15:03:44] org.springframework.context.support.ClassPathXmlApplicationContext [589] - Refreshing org.springframework.context.support.ClassPathXmlApplicationContext@3d74bf60: startup date [Thu Mar 01 15:03:44 CST 2018]; root of context hierarchy
[INFO ] [2018-03-01 15:03:44] org.springframework.beans.factory.xml.XmlBeanDefinitionReader [316] - Loading XML bean definitions from class path resource [applicationContext.xml]
[INFO ] [2018-03-01 15:05:21] org.springframework.context.support.ClassPathXmlApplicationContext [589] - Refreshing org.springframework.context.support.ClassPathXmlApplicationContext@2b98378d: startup date [Thu Mar 01 15:05:21 CST 2018]; root of context hierarchy
[INFO ] [2018-03-01 15:05:22] org.springframework.beans.factory.xml.XmlBeanDefinitionReader [316] - Loading XML bean definitions from class path resource [applicationContext.xml]
[INFO ] [2018-03-01 15:06:20] org.springframework.context.support.ClassPathXmlApplicationContext [589] - Refreshing org.springframework.context.support.ClassPathXmlApplicationContext@2b98378d: startup date [Thu Mar 01 15:06:20 CST 2018]; root of context hierarchy
[INFO ] [2018-03-01 15:06:21] org.springframework.beans.factory.xml.XmlBeanDefinitionReader [316] - Loading XML bean definitions from class path resource [applicationContext.xml]
[INFO ] [2018-03-01 15:06:22] com.diyiliu.server.netty.ChatServer [58] - 服务器启动...
[INFO ] [2018-03-01 15:06:32] com.diyiliu.server.netty.handler.ServerHandler [29] - [192.168.1.132:62560]建立连接...
[INFO ] [2018-03-01 15:06:33] com.diyiliu.server.netty.handler.ServerHandler [37] - [192.168.1.132:62560]断开连接...
[INFO ] [2018-03-01 15:06:34] com.diyiliu.server.netty.handler.ServerHandler [29] - [192.168.1.132:62561]建立连接...
[INFO ] [2018-03-01 15:06:35] com.diyiliu.server.netty.handler.ServerHandler [37] - [192.168.1.132:62561]断开连接...
[INFO ] [2018-03-01 15:10:13] org.springframework.context.support.ClassPathXmlApplicationContext [589] - Refreshing org.springframework.context.support.ClassPathXmlApplicationContext@2b98378d: startup date [Thu Mar 01 15:10:13 CST 2018]; root of context hierarchy
[INFO ] [2018-03-01 15:10:13] org.springframework.beans.factory.xml.XmlBeanDefinitionReader [316] - Loading XML bean definitions from class path resource [applicationContext.xml]
[INFO ] [2018-03-01 15:14:41] org.springframework.context.support.ClassPathXmlApplicationContext [589] - Refreshing org.springframework.context.support.ClassPathXmlApplicationContext@2b98378d: startup date [Thu Mar 01 15:14:41 CST 2018]; root of context hierarchy
[INFO ] [2018-03-01 15:14:41] org.springframework.beans.factory.xml.XmlBeanDefinitionReader [316] - Loading XML bean definitions from class path resource [applicationContext.xml]
[INFO ] [2018-03-01 15:14:46] com.diyiliu.server.netty.ChatServer [58] - 服务器启动...
[INFO ] [2018-03-01 15:15:40] org.springframework.context.support.ClassPathXmlApplicationContext [589] - Refreshing org.springframework.context.support.ClassPathXmlApplicationContext@2b98378d: startup date [Thu Mar 01 15:15:40 CST 2018]; root of context hierarchy
[INFO ] [2018-03-01 15:15:40] org.springframework.beans.factory.xml.XmlBeanDefinitionReader [316] - Loading XML bean definitions from class path resource [applicationContext.xml]
[INFO ] [2018-03-01 15:15:47] com.diyiliu.server.netty.ChatServer [58] - 服务器启动...
[INFO ] [2018-03-01 15:16:12] org.springframework.context.support.ClassPathXmlApplicationContext [589] - Refreshing org.springframework.context.support.ClassPathXmlApplicationContext@2b98378d: startup date [Thu Mar 01 15:16:12 CST 2018]; root of context hierarchy
[INFO ] [2018-03-01 15:16:12] org.springframework.beans.factory.xml.XmlBeanDefinitionReader [316] - Loading XML bean definitions from class path resource [applicationContext.xml]
[INFO ] [2018-03-01 15:17:40] org.springframework.context.support.ClassPathXmlApplicationContext [589] - Refreshing org.springframework.context.support.ClassPathXmlApplicationContext@2b98378d: startup date [Thu Mar 01 15:17:40 CST 2018]; root of context hierarchy
[INFO ] [2018-03-01 15:17:40] org.springframework.beans.factory.xml.XmlBeanDefinitionReader [316] - Loading XML bean definitions from class path resource [applicationContext.xml]
[INFO ] [2018-03-01 15:21:11] org.springframework.context.support.ClassPathXmlApplicationContext [589] - Refreshing org.springframework.context.support.ClassPathXmlApplicationContext@2b98378d: startup date [Thu Mar 01 15:21:11 CST 2018]; root of context hierarchy
[INFO ] [2018-03-01 15:21:11] org.springframework.beans.factory.xml.XmlBeanDefinitionReader [316] - Loading XML bean definitions from class path resource [applicationContext.xml]
[INFO ] [2018-03-01 15:22:05] org.springframework.context.support.ClassPathXmlApplicationContext [589] - Refreshing org.springframework.context.support.ClassPathXmlApplicationContext@2b98378d: startup date [Thu Mar 01 15:22:05 CST 2018]; root of context hierarchy
[INFO ] [2018-03-01 15:22:05] org.springframework.beans.factory.xml.XmlBeanDefinitionReader [316] - Loading XML bean definitions from class path resource [applicationContext.xml]
[INFO ] [2018-03-01 15:22:19] org.springframework.context.support.ClassPathXmlApplicationContext [589] - Refreshing org.springframework.context.support.ClassPathXmlApplicationContext@2b98378d: startup date [Thu Mar 01 15:22:19 CST 2018]; root of context hierarchy
[INFO ] [2018-03-01 15:22:19] org.springframework.beans.factory.xml.XmlBeanDefinitionReader [316] - Loading XML bean definitions from class path resource [applicationContext.xml]
[INFO ] [2018-03-01 15:22:39] org.springframework.context.support.ClassPathXmlApplicationContext [589] - Refreshing org.springframework.context.support.ClassPathXmlApplicationContext@2b98378d: startup date [Thu Mar 01 15:22:39 CST 2018]; root of context hierarchy
[INFO ] [2018-03-01 15:22:39] org.springframework.beans.factory.xml.XmlBeanDefinitionReader [316] - Loading XML bean definitions from class path resource [applicationContext.xml]
[INFO ] [2018-03-01 15:22:50] org.springframework.context.support.ClassPathXmlApplicationContext [589] - Refreshing org.springframework.context.support.ClassPathXmlApplicationContext@2b98378d: startup date [Thu Mar 01 15:22:50 CST 2018]; root of context hierarchy
[INFO ] [2018-03-01 15:22:50] org.springframework.beans.factory.xml.XmlBeanDefinitionReader [316] - Loading XML bean definitions from class path resource [applicationContext.xml]
[INFO ] [2018-03-01 15:23:09] org.springframework.context.support.ClassPathXmlApplicationContext [589] - Refreshing org.springframework.context.support.ClassPathXmlApplicationContext@2b98378d: startup date [Thu Mar 01 15:23:09 CST 2018]; root of context hierarchy
[INFO ] [2018-03-01 15:23:09] org.springframework.beans.factory.xml.XmlBeanDefinitionReader [316] - Loading XML bean definitions from class path resource [applicationContext.xml]
[INFO ] [2018-03-01 15:24:16] org.springframework.context.support.ClassPathXmlApplicationContext [589] - Refreshing org.springframework.context.support.ClassPathXmlApplicationContext@2b98378d: startup date [Thu Mar 01 15:24:16 CST 2018]; root of context hierarchy
[INFO ] [2018-03-01 15:24:16] org.springframework.beans.factory.xml.XmlBeanDefinitionReader [316] - Loading XML bean definitions from class path resource [applicationContext.xml]
[INFO ] [2018-03-01 15:24:23] com.diyiliu.server.netty.ChatServer [58] - 服务器启动...
[INFO ] [2018-03-01 15:24:37] org.springframework.context.support.ClassPathXmlApplicationContext [589] - Refreshing org.springframework.context.support.ClassPathXmlApplicationContext@2b98378d: startup date [Thu Mar 01 15:24:37 CST 2018]; root of context hierarchy
[INFO ] [2018-03-01 15:24:37] org.springframework.beans.factory.xml.XmlBeanDefinitionReader [316] - Loading XML bean definitions from class path resource [applicationContext.xml]
[INFO ] [2018-03-01 15:27:07] org.springframework.context.support.ClassPathXmlApplicationContext [589] - Refreshing org.springframework.context.support.ClassPathXmlApplicationContext@2b98378d: startup date [Thu Mar 01 15:27:07 CST 2018]; root of context hierarchy
[INFO ] [2018-03-01 15:27:07] org.springframework.beans.factory.xml.XmlBeanDefinitionReader [316] - Loading XML bean definitions from class path resource [applicationContext.xml]
[INFO ] [2018-03-01 15:27:21] org.springframework.context.support.ClassPathXmlApplicationContext [589] - Refreshing org.springframework.context.support.ClassPathXmlApplicationContext@2b98378d: startup date [Thu Mar 01 15:27:21 CST 2018]; root of context hierarchy
[INFO ] [2018-03-01 15:27:21] org.springframework.beans.factory.xml.XmlBeanDefinitionReader [316] - Loading XML bean definitions from class path resource [applicationContext.xml]
[INFO ] [2018-03-01 15:33:41] org.springframework.context.support.ClassPathXmlApplicationContext [589] - Refreshing org.springframework.context.support.ClassPathXmlApplicationContext@2b98378d: startup date [Thu Mar 01 15:33:41 CST 2018]; root of context hierarchy
[INFO ] [2018-03-01 15:33:41] org.springframework.beans.factory.xml.XmlBeanDefinitionReader [316] - Loading XML bean definitions from class path resource [applicationContext.xml]
[INFO ] [2018-03-01 15:33:45] com.diyiliu.server.netty.ChatServer [60] - 服务器启动...
[INFO ] [2018-03-01 15:34:46] org.springframework.context.support.ClassPathXmlApplicationContext [589] - Refreshing org.springframework.context.support.ClassPathXmlApplicationContext@3d74bf60: startup date [Thu Mar 01 15:34:46 CST 2018]; root of context hierarchy
[INFO ] [2018-03-01 15:34:46] org.springframework.beans.factory.xml.XmlBeanDefinitionReader [316] - Loading XML bean definitions from class path resource [applicationContext.xml]
[INFO ] [2018-03-01 15:34:50] com.diyiliu.server.netty.ChatServer [60] - 服务器启动...
[INFO ] [2018-03-01 15:35:38] com.diyiliu.server.netty.handler.ServerHandler [29] - [192.168.1.132:63220]建立连接...
[INFO ] [2018-03-01 15:35:40] com.diyiliu.server.netty.handler.ServerHandler [37] - [192.168.1.132:63220]断开连接...
[INFO ] [2018-03-01 15:35:45] com.diyiliu.server.netty.handler.ServerHandler [29] - [192.168.1.132:63221]建立连接...
[INFO ] [2018-03-01 15:40:05] org.springframework.context.support.ClassPathXmlApplicationContext [589] - Refreshing org.springframework.context.support.ClassPathXmlApplicationContext@3d74bf60: startup date [Thu Mar 01 15:40:05 CST 2018]; root of context hierarchy
[INFO ] [2018-03-01 15:40:05] org.springframework.beans.factory.xml.XmlBeanDefinitionReader [316] - Loading XML bean definitions from class path resource [applicationContext.xml]
[INFO ] [2018-03-01 15:40:08] com.diyiliu.server.netty.ChatServer [60] - 服务器启动...
[INFO ] [2018-03-01 15:40:09] com.diyiliu.server.netty.ChatServer [65] - 服务器已停止!
[INFO ] [2018-03-01 15:43:32] org.springframework.context.support.ClassPathXmlApplicationContext [589] - Refreshing org.springframework.context.support.ClassPathXmlApplicationContext@3d74bf60: startup date [Thu Mar 01 15:43:32 CST 2018]; root of context hierarchy
[INFO ] [2018-03-01 15:43:32] org.springframework.beans.factory.xml.XmlBeanDefinitionReader [316] - Loading XML bean definitions from class path resource [applicationContext.xml]
[INFO ] [2018-03-01 15:43:36] com.diyiliu.server.netty.ChatServer [57] - 服务器启动...
[INFO ] [2018-03-01 15:43:38] com.diyiliu.server.netty.handler.ServerHandler [29] - [192.168.1.132:63685]建立连接...
[INFO ] [2018-03-01 15:46:02] org.springframework.context.support.ClassPathXmlApplicationContext [589] - Refreshing org.springframework.context.support.ClassPathXmlApplicationContext@3d74bf60: startup date [Thu Mar 01 15:46:02 CST 2018]; root of context hierarchy
[INFO ] [2018-03-01 15:46:02] org.springframework.beans.factory.xml.XmlBeanDefinitionReader [316] - Loading XML bean definitions from class path resource [applicationContext.xml]
[INFO ] [2018-03-01 15:46:39] org.springframework.context.support.ClassPathXmlApplicationContext [589] - Refreshing org.springframework.context.support.ClassPathXmlApplicationContext@3d74bf60: startup date [Thu Mar 01 15:46:39 CST 2018]; root of context hierarchy
[INFO ] [2018-03-01 15:46:39] org.springframework.beans.factory.xml.XmlBeanDefinitionReader [316] - Loading XML bean definitions from class path resource [applicationContext.xml]
[INFO ] [2018-03-01 15:46:42] com.diyiliu.server.netty.ChatServer [57] - 服务器启动...
[INFO ] [2018-03-01 15:46:46] com.diyiliu.server.netty.ChatServer [62] - 服务器已停止!
[INFO ] [2018-03-01 15:46:51] com.diyiliu.server.netty.ChatServer [57] - 服务器启动...
[INFO ] [2018-03-01 15:46:57] com.diyiliu.server.netty.handler.ServerHandler [29] - [192.168.1.132:63810]建立连接...
[INFO ] [2018-03-01 15:46:59] com.diyiliu.server.netty.ChatServer [62] - 服务器已停止!
[INFO ] [2018-03-01 15:46:59] com.diyiliu.server.netty.handler.ServerHandler [37] - [192.168.1.132:63810]断开连接...
[INFO ] [2018-03-01 15:47:03] com.diyiliu.server.netty.ChatServer [57] - 服务器启动...
[INFO ] [2018-03-01 15:47:04] com.diyiliu.server.netty.handler.ServerHandler [29] - [192.168.1.132:63845]建立连接...
[INFO ] [2018-03-01 15:47:07] com.diyiliu.server.netty.ChatServer [62] - 服务器已停止!
[INFO ] [2018-03-01 15:47:07] com.diyiliu.server.netty.handler.ServerHandler [37] - [192.168.1.132:63845]断开连接...
[INFO ] [2018-03-01 16:09:01] org.springframework.context.support.ClassPathXmlApplicationContext [589] - Refreshing org.springframework.context.support.ClassPathXmlApplicationContext@2b98378d: startup date [Thu Mar 01 16:09:01 CST 2018]; root of context hierarchy
[INFO ] [2018-03-01 16:09:01] org.springframework.beans.factory.xml.XmlBeanDefinitionReader [316] - Loading XML bean definitions from class path resource [applicationContext.xml]
[INFO ] [2018-03-01 16:09:47] org.springframework.context.support.ClassPathXmlApplicationContext [589] - Refreshing org.springframework.context.support.ClassPathXmlApplicationContext@2b98378d: startup date [Thu Mar 01 16:09:47 CST 2018]; root of context hierarchy
[INFO ] [2018-03-01 16:09:47] org.springframework.beans.factory.xml.XmlBeanDefinitionReader [316] - Loading XML bean definitions from class path resource [applicationContext.xml]
[INFO ] [2018-03-01 16:11:55] org.springframework.context.support.ClassPathXmlApplicationContext [589] - Refreshing org.springframework.context.support.ClassPathXmlApplicationContext@2b98378d: startup date [Thu Mar 01 16:11:55 CST 2018]; root of context hierarchy
[INFO ] [2018-03-01 16:11:55] org.springframework.beans.factory.xml.XmlBeanDefinitionReader [316] - Loading XML bean definitions from class path resource [applicationContext.xml]
[INFO ] [2018-03-01 16:22:57] org.springframework.context.support.ClassPathXmlApplicationContext [589] - Refreshing org.springframework.context.support.ClassPathXmlApplicationContext@2b98378d: startup date [Thu Mar 01 16:22:57 CST 2018]; root of context hierarchy
[INFO ] [2018-03-01 16:22:57] org.springframework.beans.factory.xml.XmlBeanDefinitionReader [316] - Loading XML bean definitions from class path resource [applicationContext.xml]
[INFO ] [2018-03-01 16:23:27] com.diyiliu.client.netty.ChatClient [82] - 客户端, 尝试第1次重连...
[INFO ] [2018-03-01 16:23:38] com.diyiliu.client.netty.ChatClient [82] - 客户端, 尝试第2次重连...
[INFO ] [2018-03-01 16:23:38] com.diyiliu.client.netty.ChatClient [62] - 客户端启动...
[INFO ] [2018-03-01 16:23:38] com.diyiliu.client.netty.handler.ClientHandler [26] - 已连接服务器...
[INFO ] [2018-03-01 16:39:46] org.springframework.context.support.ClassPathXmlApplicationContext [589] - Refreshing org.springframework.context.support.ClassPathXmlApplicationContext@2b98378d: startup date [Thu Mar 01 16:39:46 CST 2018]; root of context hierarchy
[INFO ] [2018-03-01 16:39:46] org.springframework.beans.factory.xml.XmlBeanDefinitionReader [316] - Loading XML bean definitions from class path resource [applicationContext.xml]
[INFO ] [2018-03-01 16:40:01] com.diyiliu.client.netty.ChatClient [62] - 客户端启动...
[INFO ] [2018-03-01 16:40:01] com.diyiliu.client.netty.handler.ClientHandler [27] - 已连接服务器...
[INFO ] [2018-03-01 16:40:48] org.springframework.context.support.ClassPathXmlApplicationContext [589] - Refreshing org.springframework.context.support.ClassPathXmlApplicationContext@2b98378d: startup date [Thu Mar 01 16:40:48 CST 2018]; root of context hierarchy
[INFO ] [2018-03-01 16:40:48] org.springframework.beans.factory.xml.XmlBeanDefinitionReader [316] - Loading XML bean definitions from class path resource [applicationContext.xml]
[INFO ] [2018-03-01 16:41:04] com.diyiliu.client.netty.ChatClient [62] - 客户端启动...
[INFO ] [2018-03-01 16:41:04] com.diyiliu.client.netty.handler.ClientHandler [27] - 已连接服务器...
[INFO ] [2018-03-01 16:42:00] org.springframework.context.support.ClassPathXmlApplicationContext [589] - Refreshing org.springframework.context.support.ClassPathXmlApplicationContext@3d74bf60: startup date [Thu Mar 01 16:42:00 CST 2018]; root of context hierarchy
[INFO ] [2018-03-01 16:42:00] org.springframework.beans.factory.xml.XmlBeanDefinitionReader [316] - Loading XML bean definitions from class path resource [applicationContext.xml]
[INFO ] [2018-03-01 16:42:21] com.diyiliu.client.netty.ChatClient [62] - 客户端启动...
[INFO ] [2018-03-01 16:42:21] com.diyiliu.client.netty.handler.ClientHandler [27] - 已连接服务器...
[INFO ] [2018-03-01 16:43:08] org.springframework.context.support.ClassPathXmlApplicationContext [589] - Refreshing org.springframework.context.support.ClassPathXmlApplicationContext@3d74bf60: startup date [Thu Mar 01 16:43:08 CST 2018]; root of context hierarchy
[INFO ] [2018-03-01 16:43:08] org.springframework.beans.factory.xml.XmlBeanDefinitionReader [316] - Loading XML bean definitions from class path resource [applicationContext.xml]
[INFO ] [2018-03-01 16:43:48] com.diyiliu.client.netty.ChatClient [62] - 客户端启动...
[INFO ] [2018-03-01 16:44:19] com.diyiliu.client.netty.handler.ClientHandler [27] - 已连接服务器...
[INFO ] [2018-03-01 16:48:04] org.springframework.context.support.ClassPathXmlApplicationContext [589] - Refreshing org.springframework.context.support.ClassPathXmlApplicationContext@3d74bf60: startup date [Thu Mar 01 16:48:04 CST 2018]; root of context hierarchy
[INFO ] [2018-03-01 16:48:05] org.springframework.beans.factory.xml.XmlBeanDefinitionReader [316] - Loading XML bean definitions from class path resource [applicationContext.xml]
[INFO ] [2018-03-01 16:48:44] com.diyiliu.client.netty.ChatClient [64] - 客户端启动...
[INFO ] [2018-03-01 16:48:44] com.diyiliu.client.netty.handler.ClientHandler [30] - 已连接服务器...
[INFO ] [2018-03-01 16:55:49] org.springframework.context.support.ClassPathXmlApplicationContext [589] - Refreshing org.springframework.context.support.ClassPathXmlApplicationContext@2b98378d: startup date [Thu Mar 01 16:55:49 CST 2018]; root of context hierarchy
[INFO ] [2018-03-01 16:55:49] org.springframework.beans.factory.xml.XmlBeanDefinitionReader [316] - Loading XML bean definitions from class path resource [applicationContext.xml]
[INFO ] [2018-03-01 16:56:14] com.diyiliu.client.netty.ChatClient [84] - 客户端, 尝试第1次重连...
[INFO ] [2018-03-01 16:56:18] org.springframework.context.support.ClassPathXmlApplicationContext [589] - Refreshing org.springframework.context.support.ClassPathXmlApplicationContext@2b98378d: startup date [Thu Mar 01 16:56:18 CST 2018]; root of context hierarchy
[INFO ] [2018-03-01 16:56:18] org.springframework.beans.factory.xml.XmlBeanDefinitionReader [316] - Loading XML bean definitions from class path resource [applicationContext.xml]
[INFO ] [2018-03-01 16:56:21] com.diyiliu.server.netty.ChatServer [57] - 服务器启动...
[INFO ] [2018-03-01 16:56:25] com.diyiliu.client.netty.ChatClient [84] - 客户端, 尝试第2次重连...
[INFO ] [2018-03-01 16:56:25] com.diyiliu.client.netty.handler.ClientHandler [30] - 已连接服务器...
[INFO ] [2018-03-01 16:56:25] com.diyiliu.client.netty.ChatClient [64] - 客户端启动...
[INFO ] [2018-03-01 16:56:25] com.diyiliu.server.netty.handler.ServerHandler [29] - [192.168.1.132:64903]建立连接...
[INFO ] [2018-03-01 16:56:30] com.diyiliu.server.netty.ChatServer [62] - 服务器已停止!
[INFO ] [2018-03-01 16:56:30] com.diyiliu.server.netty.handler.ServerHandler [37] - [192.168.1.132:64903]断开连接...
[INFO ] [2018-03-01 16:56:40] com.diyiliu.client.netty.ChatClient [84] - 客户端, 尝试第1次重连...
[INFO ] [2018-03-01 16:56:51] com.diyiliu.client.netty.ChatClient [84] - 客户端, 尝试第2次重连...
[INFO ] [2018-03-01 16:57:02] com.diyiliu.client.netty.ChatClient [84] - 客户端, 尝试第3次重连...
[INFO ] [2018-03-01 16:57:13] com.diyiliu.client.netty.ChatClient [84] - 客户端, 尝试第4次重连...
[INFO ] [2018-03-01 16:57:40] org.springframework.context.support.ClassPathXmlApplicationContext [589] - Refreshing org.springframework.context.support.ClassPathXmlApplicationContext@2b98378d: startup date [Thu Mar 01 16:57:40 CST 2018]; root of context hierarchy
[INFO ] [2018-03-01 16:57:40] org.springframework.beans.factory.xml.XmlBeanDefinitionReader [316] - Loading XML bean definitions from class path resource [applicationContext.xml]
[INFO ] [2018-03-01 16:58:06] com.diyiliu.server.netty.ChatServer [57] - 服务器启动...
[INFO ] [2018-03-01 16:58:18] com.diyiliu.server.netty.handler.ServerHandler [29] - [192.168.1.132:65043]建立连接...
[INFO ] [2018-03-01 16:58:18] com.diyiliu.client.netty.ChatClient [64] - 客户端启动...
[INFO ] [2018-03-01 16:58:18] com.diyiliu.client.netty.handler.ClientHandler [30] - 已连接服务器...
[INFO ] [2018-03-01 16:58:21] com.diyiliu.server.netty.ChatServer [62] - 服务器已停止!
[INFO ] [2018-03-01 16:58:21] com.diyiliu.server.netty.handler.ServerHandler [37] - [192.168.1.132:65043]断开连接...
[INFO ] [2018-03-01 16:58:31] com.diyiliu.client.netty.ChatClient [87] - 客户端, 尝试第1次重连...
[INFO ] [2018-03-01 16:58:42] com.diyiliu.client.netty.ChatClient [87] - 客户端, 尝试第2次重连...
[INFO ] [2018-03-01 16:58:53] com.diyiliu.client.netty.ChatClient [87] - 客户端, 尝试第3次重连...
[INFO ] [2018-03-01 16:59:04] com.diyiliu.client.netty.ChatClient [87] - 客户端, 尝试第4次重连...
[INFO ] [2018-03-01 16:59:50] com.diyiliu.server.netty.ChatServer [57] - 服务器启动...
[INFO ] [2018-03-01 17:00:01] org.springframework.context.support.ClassPathXmlApplicationContext [589] - Refreshing org.springframework.context.support.ClassPathXmlApplicationContext@3d74bf60: startup date [Thu Mar 01 17:00:01 CST 2018]; root of context hierarchy
[INFO ] [2018-03-01 17:00:01] org.springframework.beans.factory.xml.XmlBeanDefinitionReader [316] - Loading XML bean definitions from class path resource [applicationContext.xml]
[INFO ] [2018-03-01 17:00:19] com.diyiliu.server.netty.handler.ServerHandler [29] - [192.168.1.132:65218]建立连接...
[INFO ] [2018-03-01 17:00:19] com.diyiliu.client.netty.ChatClient [64] - 客户端启动...
[INFO ] [2018-03-01 17:00:19] com.diyiliu.client.netty.handler.ClientHandler [30] - 已连接服务器...
[INFO ] [2018-03-01 17:00:33] com.diyiliu.server.netty.ChatServer [62] - 服务器已停止!
[INFO ] [2018-03-01 17:00:33] com.diyiliu.server.netty.handler.ServerHandler [37] - [192.168.1.132:65218]断开连接...
[INFO ] [2018-03-01 17:00:43] com.diyiliu.client.netty.ChatClient [87] - 客户端, 尝试第1次重连...
[INFO ] [2018-03-01 17:00:54] com.diyiliu.client.netty.ChatClient [87] - 客户端, 尝试第2次重连...
[INFO ] [2018-03-01 17:01:05] com.diyiliu.client.netty.ChatClient [87] - 客户端, 尝试第3次重连...
[INFO ] [2018-03-01 17:01:16] com.diyiliu.client.netty.ChatClient [87] - 客户端, 尝试第4次重连...
[INFO ] [2018-03-01 17:31:32] org.springframework.context.support.ClassPathXmlApplicationContext [589] - Refreshing org.springframework.context.support.ClassPathXmlApplicationContext@2b98378d: startup date [Thu Mar 01 17:31:32 CST 2018]; root of context hierarchy
[INFO ] [2018-03-01 17:31:32] org.springframework.beans.factory.xml.XmlBeanDefinitionReader [316] - Loading XML bean definitions from class path resource [applicationContext.xml]
[INFO ] [2018-03-01 17:31:38] org.springframework.context.support.ClassPathXmlApplicationContext [589] - Refreshing org.springframework.context.support.ClassPathXmlApplicationContext@2b98378d: startup date [Thu Mar 01 17:31:38 CST 2018]; root of context hierarchy
[INFO ] [2018-03-01 17:31:38] org.springframework.beans.factory.xml.XmlBeanDefinitionReader [316] - Loading XML bean definitions from class path resource [applicationContext.xml]
[INFO ] [2018-03-01 17:31:55] com.diyiliu.server.netty.ChatServer [57] - 服务器启动...
[INFO ] [2018-03-01 17:32:04] com.diyiliu.client.netty.ChatClient [87] - 客户端, 尝试第1次重连...
[INFO ] [2018-03-01 17:32:04] com.diyiliu.client.netty.ChatClient [64] - 客户端启动...
[INFO ] [2018-03-01 17:32:04] com.diyiliu.client.netty.handler.ClientHandler [33] - 已连接服务器...
[INFO ] [2018-03-01 17:32:04] com.diyiliu.server.netty.handler.ServerHandler [41] - [192.168.1.132:49353]建立连接...
[INFO ] [2018-03-01 17:32:20] org.springframework.context.support.ClassPathXmlApplicationContext [589] - Refreshing org.springframework.context.support.ClassPathXmlApplicationContext@2b98378d: startup date [Thu Mar 01 17:32:20 CST 2018]; root of context hierarchy
[INFO ] [2018-03-01 17:32:20] org.springframework.beans.factory.xml.XmlBeanDefinitionReader [316] - Loading XML bean definitions from class path resource [applicationContext.xml]
[INFO ] [2018-03-01 17:32:32] com.diyiliu.server.netty.handler.ServerHandler [41] - [192.168.1.132:49381]建立连接...
[INFO ] [2018-03-01 17:32:32] com.diyiliu.client.netty.ChatClient [64] - 客户端启动...
[INFO ] [2018-03-01 17:32:32] com.diyiliu.client.netty.handler.ClientHandler [33] - 已连接服务器...
[INFO ] [2018-03-01 17:33:00] com.diyiliu.server.netty.ChatServer [62] - 服务器已停止!
[INFO ] [2018-03-01 17:33:00] com.diyiliu.server.netty.handler.ServerHandler [47] - [192.168.1.132:49353]断开连接...
[INFO ] [2018-03-01 17:33:00] com.diyiliu.server.netty.handler.ServerHandler [47] - [192.168.1.132:49381]断开连接...
[INFO ] [2018-03-01 17:33:10] com.diyiliu.client.netty.ChatClient [87] - 客户端, 尝试第1次重连...
[INFO ] [2018-03-01 17:33:10] com.diyiliu.client.netty.ChatClient [87] - 客户端, 尝试第1次重连...
[INFO ] [2018-03-01 17:33:21] com.diyiliu.client.netty.ChatClient [87] - 客户端, 尝试第2次重连...
[INFO ] [2018-03-01 17:33:21] com.diyiliu.client.netty.ChatClient [87] - 客户端, 尝试第2次重连...
[INFO ] [2018-03-01 17:33:32] com.diyiliu.client.netty.ChatClient [87] - 客户端, 尝试第3次重连...
[INFO ] [2018-03-01 17:33:32] com.diyiliu.client.netty.ChatClient [87] - 客户端, 尝试第3次重连...
[INFO ] [2018-03-01 18:33:50] org.springframework.context.support.ClassPathXmlApplicationContext [589] - Refreshing org.springframework.context.support.ClassPathXmlApplicationContext@2b98378d: startup date [Thu Mar 01 18:33:50 CST 2018]; root of context hierarchy
[INFO ] [2018-03-01 18:33:50] org.springframework.beans.factory.xml.XmlBeanDefinitionReader [316] - Loading XML bean definitions from class path resource [applicationContext.xml]
[INFO ] [2018-03-01 18:34:00] org.springframework.context.support.ClassPathXmlApplicationContext [589] - Refreshing org.springframework.context.support.ClassPathXmlApplicationContext@2b98378d: startup date [Thu Mar 01 18:34:00 CST 2018]; root of context hierarchy
[INFO ] [2018-03-01 18:34:00] org.springframework.beans.factory.xml.XmlBeanDefinitionReader [316] - Loading XML bean definitions from class path resource [applicationContext.xml]
[INFO ] [2018-03-01 18:34:04] com.diyiliu.server.netty.ChatServer [60] - 服务器启动...
[INFO ] [2018-03-01 18:34:52] com.diyiliu.client.netty.ChatClient [87] - 客户端, 尝试第1次重连...
[INFO ] [2018-03-01 18:35:16] org.springframework.context.support.ClassPathXmlApplicationContext [589] - Refreshing org.springframework.context.support.ClassPathXmlApplicationContext@2b98378d: startup date [Thu Mar 01 18:35:16 CST 2018]; root of context hierarchy
[INFO ] [2018-03-01 18:35:16] org.springframework.beans.factory.xml.XmlBeanDefinitionReader [316] - Loading XML bean definitions from class path resource [applicationContext.xml]
[INFO ] [2018-03-01 18:35:43] com.diyiliu.client.netty.ChatClient [87] - 客户端, 尝试第1次重连...
[INFO ] [2018-03-01 18:35:54] com.diyiliu.client.netty.ChatClient [87] - 客户端, 尝试第2次重连...
[INFO ] [2018-03-01 19:00:42] com.diyiliu.server.netty.ChatServer [65] - 服务器已停止!
[INFO ] [2018-03-01 19:02:46] org.springframework.context.support.ClassPathXmlApplicationContext [589] - Refreshing org.springframework.context.support.ClassPathXmlApplicationContext@2b98378d: startup date [Thu Mar 01 19:02:46 CST 2018]; root of context hierarchy
[INFO ] [2018-03-01 19:02:46] org.springframework.beans.factory.xml.XmlBeanDefinitionReader [316] - Loading XML bean definitions from class path resource [applicationContext.xml]
[INFO ] [2018-03-01 19:02:54] com.diyiliu.server.netty.ChatServer [60] - 服务器启动...
[INFO ] [2018-03-01 19:03:05] com.diyiliu.server.netty.handler.ServerHandler [46] - [192.168.10.101:61845]建立连接...
[INFO ] [2018-03-01 19:03:08] com.diyiliu.server.netty.handler.ServerHandler [52] - [192.168.10.101:61845]断开连接...
[INFO ] [2018-03-01 19:03:19] org.springframework.context.support.ClassPathXmlApplicationContext [589] - Refreshing org.springframework.context.support.ClassPathXmlApplicationContext@2b98378d: startup date [Thu Mar 01 19:03:19 CST 2018]; root of context hierarchy
[INFO ] [2018-03-01 19:03:19] org.springframework.beans.factory.xml.XmlBeanDefinitionReader [316] - Loading XML bean definitions from class path resource [applicationContext.xml]
[INFO ] [2018-03-01 19:03:30] com.diyiliu.server.netty.handler.ServerHandler [46] - [192.168.10.101:61912]建立连接...
[INFO ] [2018-03-01 19:03:30] com.diyiliu.client.netty.ChatClient [64] - 客户端启动...
[INFO ] [2018-03-01 19:03:30] com.diyiliu.client.netty.handler.ClientHandler [33] - 已连接服务器...
[INFO ] [2018-03-01 19:03:39] org.springframework.context.support.ClassPathXmlApplicationContext [589] - Refreshing org.springframework.context.support.ClassPathXmlApplicationContext@2b98378d: startup date [Thu Mar 01 19:03:39 CST 2018]; root of context hierarchy
[INFO ] [2018-03-01 19:03:39] org.springframework.beans.factory.xml.XmlBeanDefinitionReader [316] - Loading XML bean definitions from class path resource [applicationContext.xml]
[INFO ] [2018-03-01 19:04:04] com.diyiliu.client.netty.ChatClient [87] - 客户端, 尝试第1次重连...
[INFO ] [2018-03-01 19:04:07] org.springframework.context.support.ClassPathXmlApplicationContext [589] - Refreshing org.springframework.context.support.ClassPathXmlApplicationContext@2b98378d: startup date [Thu Mar 01 19:04:07 CST 2018]; root of context hierarchy
[INFO ] [2018-03-01 19:04:07] org.springframework.beans.factory.xml.XmlBeanDefinitionReader [316] - Loading XML bean definitions from class path resource [applicationContext.xml]
[INFO ] [2018-03-01 19:04:20] com.diyiliu.server.netty.handler.ServerHandler [46] - [192.168.10.101:62087]建立连接...
[INFO ] [2018-03-01 19:04:20] com.diyiliu.client.netty.ChatClient [64] - 客户端启动...
[INFO ] [2018-03-01 19:04:20] com.diyiliu.client.netty.handler.ClientHandler [33] - 已连接服务器...
[INFO ] [2018-03-01 19:04:58] org.springframework.context.support.ClassPathXmlApplicationContext [589] - Refreshing org.springframework.context.support.ClassPathXmlApplicationContext@2b98378d: startup date [Thu Mar 01 19:04:58 CST 2018]; root of context hierarchy
[INFO ] [2018-03-01 19:04:58] org.springframework.beans.factory.xml.XmlBeanDefinitionReader [316] - Loading XML bean definitions from class path resource [applicationContext.xml]
[INFO ] [2018-03-01 19:05:13] com.diyiliu.server.netty.handler.ServerHandler [46] - [192.168.10.101:62200]建立连接...
[INFO ] [2018-03-01 19:05:13] com.diyiliu.client.netty.ChatClient [64] - 客户端启动...
[INFO ] [2018-03-01 19:05:13] com.diyiliu.client.netty.handler.ClientHandler [33] - 已连接服务器...
[INFO ] [2018-03-01 19:06:00] com.diyiliu.server.netty.handler.ServerHandler [52] - [192.168.10.101:61912]断开连接...
[INFO ] [2018-03-01 19:07:23] com.diyiliu.client.netty.ChatClient [87] - 客户端, 尝试第1次重连...
[INFO ] [2018-03-01 19:07:23] com.diyiliu.client.netty.ChatClient [87] - 客户端, 尝试第1次重连...
[INFO ] [2018-03-01 19:07:34] com.diyiliu.client.netty.ChatClient [87] - 客户端, 尝试第2次重连...
[INFO ] [2018-03-01 19:07:34] com.diyiliu.client.netty.ChatClient [87] - 客户端, 尝试第2次重连...
[INFO ] [2018-03-01 19:07:45] com.diyiliu.client.netty.ChatClient [87] - 客户端, 尝试第3次重连...
[INFO ] [2018-03-01 19:07:45] com.diyiliu.client.netty.ChatClient [87] - 客户端, 尝试第3次重连...
[INFO ] [2018-03-01 19:14:04] org.springframework.context.support.ClassPathXmlApplicationContext [589] - Refreshing org.springframework.context.support.ClassPathXmlApplicationContext@3d74bf60: startup date [Thu Mar 01 19:14:04 CST 2018]; root of context hierarchy
[INFO ] [2018-03-01 19:14:04] org.springframework.beans.factory.xml.XmlBeanDefinitionReader [316] - Loading XML bean definitions from class path resource [applicationContext.xml]
[INFO ] [2018-03-01 19:14:10] com.diyiliu.server.netty.ChatServer [60] - 服务器启动...
[INFO ] [2018-03-01 19:14:24] org.springframework.context.support.ClassPathXmlApplicationContext [589] - Refreshing org.springframework.context.support.ClassPathXmlApplicationContext@79b06cab: startup date [Thu Mar 01 19:14:24 CST 2018]; root of context hierarchy
[INFO ] [2018-03-01 19:14:24] org.springframework.beans.factory.xml.XmlBeanDefinitionReader [316] - Loading XML bean definitions from class path resource [applicationContext.xml]
[INFO ] [2018-03-01 19:14:45] com.diyiliu.client.netty.ChatClient [64] - 客户端启动...
[INFO ] [2018-03-01 19:14:45] com.diyiliu.client.netty.handler.ClientHandler [33] - 已连接服务器...
[INFO ] [2018-03-01 19:14:45] com.diyiliu.server.netty.handler.ServerHandler [44] - [127.0.0.1:63424]建立连接...
[INFO ] [2018-03-01 19:15:27] org.springframework.context.support.ClassPathXmlApplicationContext [589] - Refreshing org.springframework.context.support.ClassPathXmlApplicationContext@2b98378d: startup date [Thu Mar 01 19:15:27 CST 2018]; root of context hierarchy
[INFO ] [2018-03-01 19:15:27] org.springframework.beans.factory.xml.XmlBeanDefinitionReader [316] - Loading XML bean definitions from class path resource [applicationContext.xml]
[INFO ] [2018-03-01 19:15:41] com.diyiliu.server.netty.handler.ServerHandler [44] - [127.0.0.1:63542]建立连接...
[INFO ] [2018-03-01 19:15:41] com.diyiliu.client.netty.ChatClient [64] - 客户端启动...
[INFO ] [2018-03-01 19:15:41] com.diyiliu.client.netty.handler.ClientHandler [33] - 已连接服务器...
[INFO ] [2018-03-01 19:16:46] com.diyiliu.server.netty.handler.ServerHandler [50] - [127.0.0.1:63542]断开连接...
[INFO ] [2018-03-01 19:16:50] com.diyiliu.server.netty.handler.ServerHandler [50] - [127.0.0.1:63424]断开连接...
[INFO ] [2018-03-01 19:18:09] org.springframework.context.support.ClassPathXmlApplicationContext [589] - Refreshing org.springframework.context.support.ClassPathXmlApplicationContext@3d74bf60: startup date [Thu Mar 01 19:18:09 CST 2018]; root of context hierarchy
[INFO ] [2018-03-01 19:18:09] org.springframework.beans.factory.xml.XmlBeanDefinitionReader [316] - Loading XML bean definitions from class path resource [applicationContext.xml]
[INFO ] [2018-03-01 19:18:12] com.diyiliu.server.netty.ChatServer [60] - 服务器启动...
[INFO ] [2018-03-01 19:18:18] org.springframework.context.support.ClassPathXmlApplicationContext [589] - Refreshing org.springframework.context.support.ClassPathXmlApplicationContext@79b06cab: startup date [Thu Mar 01 19:18:18 CST 2018]; root of context hierarchy
[INFO ] [2018-03-01 19:18:18] org.springframework.beans.factory.xml.XmlBeanDefinitionReader [316] - Loading XML bean definitions from class path resource [applicationContext.xml]
[INFO ] [2018-03-01 19:18:36] com.diyiliu.client.netty.ChatClient [64] - 客户端启动...
[INFO ] [2018-03-01 19:18:36] com.diyiliu.client.netty.handler.ClientHandler [33] - 已连接服务器...
[INFO ] [2018-03-01 19:18:36] com.diyiliu.server.netty.handler.ServerHandler [44] - [127.0.0.1:63926]建立连接...
[INFO ] [2018-03-01 19:18:49] org.springframework.context.support.ClassPathXmlApplicationContext [589] - Refreshing org.springframework.context.support.ClassPathXmlApplicationContext@2b98378d: startup date [Thu Mar 01 19:18:49 CST 2018]; root of context hierarchy
[INFO ] [2018-03-01 19:18:49] org.springframework.beans.factory.xml.XmlBeanDefinitionReader [316] - Loading XML bean definitions from class path resource [applicationContext.xml]
[INFO ] [2018-03-01 19:19:12] com.diyiliu.server.netty.handler.ServerHandler [44] - [127.0.0.1:64009]建立连接...
[INFO ] [2018-03-01 19:19:12] com.diyiliu.client.netty.ChatClient [64] - 客户端启动...
[INFO ] [2018-03-01 19:19:12] com.diyiliu.client.netty.handler.ClientHandler [33] - 已连接服务器...
[INFO ] [2018-03-01 19:20:01] org.springframework.context.support.ClassPathXmlApplicationContext [589] - Refreshing org.springframework.context.support.ClassPathXmlApplicationContext@3d74bf60: startup date [Thu Mar 01 19:20:01 CST 2018]; root of context hierarchy
[INFO ] [2018-03-01 19:20:01] org.springframework.beans.factory.xml.XmlBeanDefinitionReader [316] - Loading XML bean definitions from class path resource [applicationContext.xml]
[INFO ] [2018-03-01 19:20:10] com.diyiliu.client.netty.ChatClient [87] - 客户端, 尝试第1次重连...
[INFO ] [2018-03-01 19:20:10] com.diyiliu.client.netty.ChatClient [87] - 客户端, 尝试第1次重连...
[INFO ] [2018-03-01 19:20:21] com.diyiliu.client.netty.ChatClient [87] - 客户端, 尝试第2次重连...
[INFO ] [2018-03-01 19:20:21] com.diyiliu.client.netty.ChatClient [87] - 客户端, 尝试第2次重连...
[INFO ] [2018-03-01 19:20:29] com.diyiliu.server.netty.ChatServer [60] - 服务器启动...
[INFO ] [2018-03-01 19:20:32] com.diyiliu.client.netty.ChatClient [87] - 客户端, 尝试第3次重连...
[INFO ] [2018-03-01 19:20:32] com.diyiliu.client.netty.ChatClient [87] - 客户端, 尝试第3次重连...
[INFO ] [2018-03-01 19:20:32] com.diyiliu.client.netty.ChatClient [64] - 客户端启动...
[INFO ] [2018-03-01 19:20:32] com.diyiliu.client.netty.handler.ClientHandler [33] - 已连接服务器...
[INFO ] [2018-03-01 19:20:32] com.diyiliu.client.netty.ChatClient [64] - 客户端启动...
[INFO ] [2018-03-01 19:20:32] com.diyiliu.client.netty.handler.ClientHandler [33] - 已连接服务器...
[INFO ] [2018-03-01 19:20:32] com.diyiliu.server.netty.handler.ServerHandler [44] - [127.0.0.1:64352]建立连接...
[INFO ] [2018-03-01 19:20:32] com.diyiliu.server.netty.handler.ServerHandler [44] - [127.0.0.1:64353]建立连接...
[INFO ] [2018-03-01 19:20:43] com.diyiliu.server.netty.handler.ServerHandler [50] - [127.0.0.1:64353]断开连接...
[INFO ] [2018-03-01 19:21:20] com.diyiliu.server.netty.handler.ServerHandler [50] - [127.0.0.1:64352]断开连接...
[INFO ] [2018-03-01 19:22:56] com.diyiliu.server.netty.ChatServer [65] - 服务器已停止!
[INFO ] [2018-03-01 19:32:08] org.springframework.context.support.ClassPathXmlApplicationContext [589] - Refreshing org.springframework.context.support.ClassPathXmlApplicationContext@2b98378d: startup date [Thu Mar 01 19:32:08 CST 2018]; root of context hierarchy
[INFO ] [2018-03-01 19:32:08] org.springframework.beans.factory.xml.XmlBeanDefinitionReader [316] - Loading XML bean definitions from class path resource [applicationContext.xml]
[INFO ] [2018-03-01 19:34:22] org.springframework.context.support.ClassPathXmlApplicationContext [589] - Refreshing org.springframework.context.support.ClassPathXmlApplicationContext@2b98378d: startup date [Thu Mar 01 19:34:22 CST 2018]; root of context hierarchy
[INFO ] [2018-03-01 19:34:22] org.springframework.beans.factory.xml.XmlBeanDefinitionReader [316] - Loading XML bean definitions from class path resource [applicationContext.xml]
[INFO ] [2018-03-01 19:34:55] com.diyiliu.client.netty.ChatClient [81] - 客户端, 尝试第1次重连...
[INFO ] [2018-03-01 19:35:06] com.diyiliu.client.netty.ChatClient [81] - 客户端, 尝试第2次重连...
[INFO ] [2018-03-01 19:35:17] com.diyiliu.client.netty.ChatClient [81] - 客户端, 尝试第3次重连...
[INFO ] [2018-03-01 19:42:48] org.springframework.context.support.ClassPathXmlApplicationContext [589] - Refreshing org.springframework.context.support.ClassPathXmlApplicationContext@2b98378d: startup date [Thu Mar 01 19:42:48 CST 2018]; root of context hierarchy
[INFO ] [2018-03-01 19:42:48] org.springframework.beans.factory.xml.XmlBeanDefinitionReader [316] - Loading XML bean definitions from class path resource [applicationContext.xml]
[INFO ] [2018-03-01 19:43:12] com.diyiliu.client.netty.ChatClient [82] - 客户端, 尝试第1次重连...
[INFO ] [2018-03-01 19:43:23] com.diyiliu.client.netty.ChatClient [82] - 客户端, 尝试第2次重连...
[INFO ] [2018-03-01 19:43:34] com.diyiliu.client.netty.ChatClient [82] - 客户端, 尝试第3次重连...
[INFO ] [2018-03-01 19:46:24] org.springframework.context.support.ClassPathXmlApplicationContext [589] - Refreshing org.springframework.context.support.ClassPathXmlApplicationContext@2b98378d: startup date [Thu Mar 01 19:46:24 CST 2018]; root of context hierarchy
[INFO ] [2018-03-01 19:46:24] org.springframework.beans.factory.xml.XmlBeanDefinitionReader [316] - Loading XML bean definitions from class path resource [applicationContext.xml]
[INFO ] [2018-03-01 19:46:46] com.diyiliu.client.netty.ChatClient [82] - 客户端, 尝试第1次重连...
[INFO ] [2018-03-01 19:46:57] com.diyiliu.client.netty.ChatClient [82] - 客户端, 尝试第2次重连...
[INFO ] [2018-03-01 19:47:08] com.diyiliu.client.netty.ChatClient [82] - 客户端, 尝试第3次重连...
[INFO ] [2018-03-01 19:50:32] org.springframework.context.support.ClassPathXmlApplicationContext [589] - Refreshing org.springframework.context.support.ClassPathXmlApplicationContext@2b98378d: startup date [Thu Mar 01 19:50:32 CST 2018]; root of context hierarchy
[INFO ] [2018-03-01 19:50:32] org.springframework.beans.factory.xml.XmlBeanDefinitionReader [316] - Loading XML bean definitions from class path resource [applicationContext.xml]
[INFO ] [2018-03-01 19:51:08] com.diyiliu.client.netty.ChatClient [82] - 客户端, 尝试第1次重连...
[INFO ] [2018-03-01 19:51:19] com.diyiliu.client.netty.ChatClient [82] - 客户端, 尝试第2次重连...
[INFO ] [2018-03-01 19:52:41] org.springframework.context.support.ClassPathXmlApplicationContext [589] - Refreshing org.springframework.context.support.ClassPathXmlApplicationContext@2b98378d: startup date [Thu Mar 01 19:52:41 CST 2018]; root of context hierarchy
[INFO ] [2018-03-01 19:52:41] org.springframework.beans.factory.xml.XmlBeanDefinitionReader [316] - Loading XML bean definitions from class path resource [applicationContext.xml]
[INFO ] [2018-03-01 19:53:01] com.diyiliu.client.netty.ChatClient [82] - 客户端, 尝试第1次重连...
[INFO ] [2018-03-01 19:54:17] org.springframework.context.support.ClassPathXmlApplicationContext [589] - Refreshing org.springframework.context.support.ClassPathXmlApplicationContext@2b98378d: startup date [Thu Mar 01 19:54:17 CST 2018]; root of context hierarchy
[INFO ] [2018-03-01 19:54:17] org.springframework.beans.factory.xml.XmlBeanDefinitionReader [316] - Loading XML bean definitions from class path resource [applicationContext.xml]
[INFO ] [2018-03-01 19:54:26] com.diyiliu.client.netty.ChatClient [62] - 客户端启动...
[INFO ] [2018-03-01 19:54:37] com.diyiliu.client.netty.ChatClient [82] - 客户端, 尝试第1次重连...
[INFO ] [2018-03-01 19:54:37] com.diyiliu.client.netty.ChatClient [62] - 客户端启动...
[INFO ] [2018-03-01 19:54:48] com.diyiliu.client.netty.ChatClient [82] - 客户端, 尝试第2次重连...
[INFO ] [2018-03-01 19:54:48] com.diyiliu.client.netty.ChatClient [62] - 客户端启动...
[INFO ] [2018-03-01 19:56:03] org.springframework.context.support.ClassPathXmlApplicationContext [589] - Refreshing org.springframework.context.support.ClassPathXmlApplicationContext@2b98378d: startup date [Thu Mar 01 19:56:03 CST 2018]; root of context hierarchy
[INFO ] [2018-03-01 19:56:03] org.springframework.beans.factory.xml.XmlBeanDefinitionReader [316] - Loading XML bean definitions from class path resource [applicationContext.xml]
[INFO ] [2018-03-01 19:56:09] org.springframework.context.support.ClassPathXmlApplicationContext [589] - Refreshing org.springframework.context.support.ClassPathXmlApplicationContext@2b98378d: startup date [Thu Mar 01 19:56:09 CST 2018]; root of context hierarchy
[INFO ] [2018-03-01 19:56:09] org.springframework.beans.factory.xml.XmlBeanDefinitionReader [316] - Loading XML bean definitions from class path resource [applicationContext.xml]
[INFO ] [2018-03-01 19:56:40] com.diyiliu.client.netty.ChatClient [82] - 客户端, 尝试第1次重连...
[INFO ] [2018-03-01 19:56:59] com.diyiliu.client.netty.ChatClient [82] - 客户端, 尝试第2次重连...
[INFO ] [2018-03-01 19:57:18] com.diyiliu.client.netty.ChatClient [82] - 客户端, 尝试第3次重连...
[INFO ] [2018-03-01 19:57:33] org.springframework.context.support.ClassPathXmlApplicationContext [589] - Refreshing org.springframework.context.support.ClassPathXmlApplicationContext@2b98378d: startup date [Thu Mar 01 19:57:33 CST 2018]; root of context hierarchy
[INFO ] [2018-03-01 19:57:33] org.springframework.beans.factory.xml.XmlBeanDefinitionReader [316] - Loading XML bean definitions from class path resource [applicationContext.xml]
[INFO ] [2018-03-01 19:57:54] com.diyiliu.client.netty.ChatClient [82] - 客户端, 尝试第1次重连...
[INFO ] [2018-03-01 19:58:05] com.diyiliu.client.netty.ChatClient [82] - 客户端, 尝试第2次重连...
[INFO ] [2018-03-01 19:58:16] com.diyiliu.client.netty.ChatClient [82] - 客户端, 尝试第3次重连...
[INFO ] [2018-03-01 19:58:27] org.springframework.context.support.ClassPathXmlApplicationContext [589] - Refreshing org.springframework.context.support.ClassPathXmlApplicationContext@2b98378d: startup date [Thu Mar 01 19:58:27 CST 2018]; root of context hierarchy
[INFO ] [2018-03-01 19:58:27] org.springframework.beans.factory.xml.XmlBeanDefinitionReader [316] - Loading XML bean definitions from class path resource [applicationContext.xml]
[INFO ] [2018-03-01 19:58:39] com.diyiliu.client.netty.ChatClient [62] - 客户端启动...
[INFO ] [2018-03-01 19:58:39] com.diyiliu.client.netty.handler.ClientHandler [33] - 已连接服务器...
[INFO ] [2018-03-01 20:00:37] org.springframework.context.support.ClassPathXmlApplicationContext [589] - Refreshing org.springframework.context.support.ClassPathXmlApplicationContext@2b98378d: startup date [Thu Mar 01 20:00:37 CST 2018]; root of context hierarchy
[INFO ] [2018-03-01 20:00:37] org.springframework.beans.factory.xml.XmlBeanDefinitionReader [316] - Loading XML bean definitions from class path resource [applicationContext.xml]
[INFO ] [2018-03-01 20:01:02] org.springframework.context.support.ClassPathXmlApplicationContext [589] - Refreshing org.springframework.context.support.ClassPathXmlApplicationContext@2b98378d: startup date [Thu Mar 01 20:01:02 CST 2018]; root of context hierarchy
[INFO ] [2018-03-01 20:01:02] org.springframework.beans.factory.xml.XmlBeanDefinitionReader [316] - Loading XML bean definitions from class path resource [applicationContext.xml]
[INFO ] [2018-03-01 20:01:21] org.springframework.context.support.ClassPathXmlApplicationContext [589] - Refreshing org.springframework.context.support.ClassPathXmlApplicationContext@2b98378d: startup date [Thu Mar 01 20:01:21 CST 2018]; root of context hierarchy
[INFO ] [2018-03-01 20:01:21] org.springframework.beans.factory.xml.XmlBeanDefinitionReader [316] - Loading XML bean definitions from class path resource [applicationContext.xml]
[INFO ] [2018-03-01 20:01:35] com.diyiliu.client.netty.ChatClient [82] - 客户端, 尝试第1次重连...
[INFO ] [2018-03-01 20:01:46] com.diyiliu.client.netty.ChatClient [82] - 客户端, 尝试第2次重连...
[INFO ] [2018-03-01 20:01:57] com.diyiliu.client.netty.ChatClient [82] - 客户端, 尝试第3次重连...
[INFO ] [2018-03-01 20:02:01] org.springframework.context.support.ClassPathXmlApplicationContext [589] - Refreshing org.springframework.context.support.ClassPathXmlApplicationContext@2b98378d: startup date [Thu Mar 01 20:02:01 CST 2018]; root of context hierarchy
[INFO ] [2018-03-01 20:02:01] org.springframework.beans.factory.xml.XmlBeanDefinitionReader [316] - Loading XML bean definitions from class path resource [applicationContext.xml]
[INFO ] [2018-03-01 20:02:16] com.diyiliu.client.netty.ChatClient [82] - 客户端, 尝试第1次重连...
[INFO ] [2018-03-01 20:02:27] com.diyiliu.client.netty.ChatClient [82] - 客户端, 尝试第2次重连...
[INFO ] [2018-03-01 20:02:38] com.diyiliu.client.netty.ChatClient [82] - 客户端, 尝试第3次重连...
[INFO ] [2018-03-01 20:05:32] org.springframework.context.support.ClassPathXmlApplicationContext [589] - Refreshing org.springframework.context.support.ClassPathXmlApplicationContext@2b98378d: startup date [Thu Mar 01 20:05:32 CST 2018]; root of context hierarchy
[INFO ] [2018-03-01 20:05:32] org.springframework.beans.factory.xml.XmlBeanDefinitionReader [316] - Loading XML bean definitions from class path resource [applicationContext.xml]
[INFO ] [2018-03-01 20:05:35] org.springframework.context.support.ClassPathXmlApplicationContext [589] - Refreshing org.springframework.context.support.ClassPathXmlApplicationContext@2b98378d: startup date [Thu Mar 01 20:05:35 CST 2018]; root of context hierarchy
[INFO ] [2018-03-01 20:05:35] org.springframework.beans.factory.xml.XmlBeanDefinitionReader [316] - Loading XML bean definitions from class path resource [applicationContext.xml]
[INFO ] [2018-03-01 20:05:35] com.diyiliu.server.netty.ChatServer [52] - 服务器启动...
[INFO ] [2018-03-01 20:05:42] com.diyiliu.client.netty.ChatClient [62] - 客户端启动...
[INFO ] [2018-03-01 20:05:42] com.diyiliu.client.netty.handler.ClientHandler [33] - 已连接服务器...
[INFO ] [2018-03-01 20:05:42] com.diyiliu.server.netty.handler.ServerHandler [44] - [192.168.10.10:54276]建立连接...
[INFO ] [2018-03-01 20:05:50] org.springframework.context.support.ClassPathXmlApplicationContext [589] - Refreshing org.springframework.context.support.ClassPathXmlApplicationContext@2b98378d: startup date [Thu Mar 01 20:05:50 CST 2018]; root of context hierarchy
[INFO ] [2018-03-01 20:05:50] org.springframework.beans.factory.xml.XmlBeanDefinitionReader [316] - Loading XML bean definitions from class path resource [applicationContext.xml]
[INFO ] [2018-03-01 20:06:02] org.springframework.context.support.ClassPathXmlApplicationContext [589] - Refreshing org.springframework.context.support.ClassPathXmlApplicationContext@2b98378d: startup date [Thu Mar 01 20:06:02 CST 2018]; root of context hierarchy
[INFO ] [2018-03-01 20:06:02] org.springframework.beans.factory.xml.XmlBeanDefinitionReader [316] - Loading XML bean definitions from class path resource [applicationContext.xml]
[INFO ] [2018-03-01 20:06:10] com.diyiliu.server.netty.handler.ServerHandler [44] - [192.168.10.10:54360]建立连接...
[INFO ] [2018-03-01 20:06:10] com.diyiliu.client.netty.ChatClient [62] - 客户端启动...
[INFO ] [2018-03-01 20:06:10] com.diyiliu.client.netty.handler.ClientHandler [33] - 已连接服务器...
[INFO ] [2018-03-01 20:06:22] com.diyiliu.server.netty.handler.ServerHandler [50] - [192.168.10.10:54276]断开连接...
[INFO ] [2018-03-01 20:06:29] org.springframework.context.support.ClassPathXmlApplicationContext [589] - Refreshing org.springframework.context.support.ClassPathXmlApplicationContext@2b98378d: startup date [Thu Mar 01 20:06:29 CST 2018]; root of context hierarchy
[INFO ] [2018-03-01 20:06:29] org.springframework.beans.factory.xml.XmlBeanDefinitionReader [316] - Loading XML bean definitions from class path resource [applicationContext.xml]
[INFO ] [2018-03-01 20:06:36] com.diyiliu.server.netty.handler.ServerHandler [44] - [192.168.10.10:54440]建立连接...
[INFO ] [2018-03-01 20:06:36] com.diyiliu.client.netty.ChatClient [62] - 客户端启动...
[INFO ] [2018-03-01 20:06:36] com.diyiliu.client.netty.handler.ClientHandler [33] - 已连接服务器...
[INFO ] [2018-03-01 20:06:40] org.springframework.context.support.ClassPathXmlApplicationContext [589] - Refreshing org.springframework.context.support.ClassPathXmlApplicationContext@2b98378d: startup date [Thu Mar 01 20:06:40 CST 2018]; root of context hierarchy
[INFO ] [2018-03-01 20:06:40] org.springframework.beans.factory.xml.XmlBeanDefinitionReader [316] - Loading XML bean definitions from class path resource [applicationContext.xml]
[INFO ] [2018-03-01 20:06:49] com.diyiliu.server.netty.handler.ServerHandler [44] - [192.168.10.10:54490]建立连接...
[INFO ] [2018-03-01 20:06:49] com.diyiliu.client.netty.ChatClient [62] - 客户端启动...
[INFO ] [2018-03-01 20:06:49] com.diyiliu.client.netty.handler.ClientHandler [33] - 已连接服务器...
[INFO ] [2018-03-01 20:07:03] com.diyiliu.server.netty.ChatServer [57] - 服务器已停止!
[INFO ] [2018-03-01 20:07:03] com.diyiliu.server.netty.handler.ServerHandler [50] - [192.168.10.10:54360]断开连接...
[INFO ] [2018-03-01 20:07:03] com.diyiliu.server.netty.handler.ServerHandler [50] - [192.168.10.10:54440]断开连接...
[INFO ] [2018-03-01 20:07:03] com.diyiliu.server.netty.handler.ServerHandler [50] - [192.168.10.10:54490]断开连接...
[INFO ] [2018-03-01 20:07:13] com.diyiliu.client.netty.ChatClient [82] - 客户端, 尝试第1次重连...
[INFO ] [2018-03-01 20:07:13] com.diyiliu.client.netty.ChatClient [82] - 客户端, 尝试第1次重连...
[INFO ] [2018-03-01 20:07:17] com.diyiliu.server.netty.ChatServer [52] - 服务器启动...
[INFO ] [2018-03-01 20:07:24] com.diyiliu.client.netty.ChatClient [82] - 客户端, 尝试第2次重连...
[INFO ] [2018-03-01 20:07:24] com.diyiliu.client.netty.ChatClient [82] - 客户端, 尝试第2次重连...
[INFO ] [2018-03-01 20:07:24] com.diyiliu.client.netty.ChatClient [62] - 客户端启动...
[INFO ] [2018-03-01 20:07:24] com.diyiliu.client.netty.handler.ClientHandler [33] - 已连接服务器...
[INFO ] [2018-03-01 20:07:24] com.diyiliu.client.netty.ChatClient [62] - 客户端启动...
[INFO ] [2018-03-01 20:07:24] com.diyiliu.client.netty.handler.ClientHandler [33] - 已连接服务器...
[INFO ] [2018-03-01 20:07:24] com.diyiliu.server.netty.handler.ServerHandler [44] - [192.168.10.10:54711]建立连接...
[INFO ] [2018-03-01 20:07:24] com.diyiliu.server.netty.handler.ServerHandler [44] - [192.168.10.10:54712]建立连接...
[INFO ] [2018-03-01 20:09:44] com.diyiliu.server.netty.handler.ServerHandler [50] - [192.168.10.10:54711]断开连接...
[INFO ] [2018-03-01 20:09:51] com.diyiliu.server.netty.ChatServer [57] - 服务器已停止!
[INFO ] [2018-03-01 20:09:51] com.diyiliu.server.netty.handler.ServerHandler [50] - [192.168.10.10:54712]断开连接...
[INFO ] [2018-03-01 20:09:55] com.diyiliu.server.netty.ChatServer [52] - 服务器启动...
[INFO ] [2018-03-01 20:10:01] com.diyiliu.client.netty.ChatClient [82] - 客户端, 尝试第3次重连...
[INFO ] [2018-03-01 20:10:02] com.diyiliu.client.netty.ChatClient [62] - 客户端启动...
[INFO ] [2018-03-01 20:10:02] com.diyiliu.client.netty.handler.ClientHandler [33] - 已连接服务器...
[INFO ] [2018-03-01 20:10:02] com.diyiliu.server.netty.handler.ServerHandler [44] - [192.168.10.10:55046]建立连接...
[INFO ] [2018-03-01 20:10:07] com.diyiliu.server.netty.ChatServer [57] - 服务器已停止!
[INFO ] [2018-03-01 20:10:07] com.diyiliu.server.netty.handler.ServerHandler [50] - [192.168.10.10:55046]断开连接...
[INFO ] [2018-03-01 20:16:44] org.springframework.context.support.ClassPathXmlApplicationContext [589] - Refreshing org.springframework.context.support.ClassPathXmlApplicationContext@2b98378d: startup date [Thu Mar 01 20:16:44 CST 2018]; root of context hierarchy
[INFO ] [2018-03-01 20:16:44] org.springframework.beans.factory.xml.XmlBeanDefinitionReader [316] - Loading XML bean definitions from class path resource [applicationContext.xml]
[INFO ] [2018-03-01 20:16:50] org.springframework.context.support.ClassPathXmlApplicationContext [589] - Refreshing org.springframework.context.support.ClassPathXmlApplicationContext@2b98378d: startup date [Thu Mar 01 20:16:50 CST 2018]; root of context hierarchy
[INFO ] [2018-03-01 20:16:50] org.springframework.beans.factory.xml.XmlBeanDefinitionReader [316] - Loading XML bean definitions from class path resource [applicationContext.xml]
[INFO ] [2018-03-01 20:16:51] org.springframework.context.support.ClassPathXmlApplicationContext [589] - Refreshing org.springframework.context.support.ClassPathXmlApplicationContext@2b98378d: startup date [Thu Mar 01 20:16:51 CST 2018]; root of context hierarchy
[INFO ] [2018-03-01 20:16:51] org.springframework.beans.factory.xml.XmlBeanDefinitionReader [316] - Loading XML bean definitions from class path resource [applicationContext.xml]
[INFO ] [2018-03-01 20:16:57] org.springframework.context.support.ClassPathXmlApplicationContext [589] - Refreshing org.springframework.context.support.ClassPathXmlApplicationContext@2b98378d: startup date [Thu Mar 01 20:16:57 CST 2018]; root of context hierarchy
[INFO ] [2018-03-01 20:16:57] org.springframework.beans.factory.xml.XmlBeanDefinitionReader [316] - Loading XML bean definitions from class path resource [applicationContext.xml]
[INFO ] [2018-03-01 20:17:15] com.diyiliu.client.netty.ChatClient [84] - 客户端, 尝试第1次重连...
[INFO ] [2018-03-01 20:17:15] com.diyiliu.server.netty.ChatServer [52] - 服务器启动...
[INFO ] [2018-03-01 20:17:15] com.diyiliu.client.netty.ChatClient [62] - 客户端启动...
[INFO ] [2018-03-01 20:17:15] com.diyiliu.client.netty.handler.ClientHandler [33] - 已连接服务器...
[INFO ] [2018-03-01 20:17:16] com.diyiliu.server.netty.handler.ServerHandler [44] - [192.168.10.10:55904]建立连接...
[INFO ] [2018-03-01 20:17:20] com.diyiliu.client.netty.ChatClient [84] - 客户端, 尝试第1次重连...
[INFO ] [2018-03-01 20:17:20] com.diyiliu.client.netty.ChatClient [62] - 客户端启动...
[INFO ] [2018-03-01 20:17:20] com.diyiliu.client.netty.handler.ClientHandler [33] - 已连接服务器...
[INFO ] [2018-03-01 20:17:20] com.diyiliu.server.netty.handler.ServerHandler [44] - [192.168.10.10:55988]建立连接...
[INFO ] [2018-03-01 20:17:24] com.diyiliu.client.netty.ChatClient [84] - 客户端, 尝试第1次重连...
[INFO ] [2018-03-01 20:17:24] com.diyiliu.client.netty.ChatClient [62] - 客户端启动...
[INFO ] [2018-03-01 20:17:24] com.diyiliu.client.netty.handler.ClientHandler [33] - 已连接服务器...
[INFO ] [2018-03-01 20:17:24] com.diyiliu.server.netty.handler.ServerHandler [44] - [192.168.10.10:56019]建立连接...
[INFO ] [2018-03-01 20:18:17] com.diyiliu.server.netty.ChatServer [57] - 服务器已停止!
[INFO ] [2018-03-01 20:18:17] com.diyiliu.server.netty.handler.ServerHandler [50] - [192.168.10.10:55904]断开连接...
[INFO ] [2018-03-01 20:18:17] com.diyiliu.server.netty.handler.ServerHandler [50] - [192.168.10.10:56019]断开连接...
[INFO ] [2018-03-01 20:18:17] com.diyiliu.server.netty.handler.ServerHandler [50] - [192.168.10.10:55988]断开连接...
[INFO ] [2018-03-01 20:18:21] com.diyiliu.server.netty.ChatServer [52] - 服务器启动...
[INFO ] [2018-03-01 20:18:27] com.diyiliu.client.netty.ChatClient [84] - 客户端, 尝试第1次重连...
[INFO ] [2018-03-01 20:18:27] com.diyiliu.client.netty.ChatClient [84] - 客户端, 尝试第1次重连...
[INFO ] [2018-03-01 20:18:27] com.diyiliu.client.netty.ChatClient [84] - 客户端, 尝试第1次重连...
[INFO ] [2018-03-01 20:18:27] com.diyiliu.client.netty.handler.ClientHandler [33] - 已连接服务器...
[INFO ] [2018-03-01 20:18:27] com.diyiliu.client.netty.ChatClient [62] - 客户端启动...
[INFO ] [2018-03-01 20:18:27] com.diyiliu.client.netty.handler.ClientHandler [33] - 已连接服务器...
[INFO ] [2018-03-01 20:18:27] com.diyiliu.client.netty.ChatClient [62] - 客户端启动...
[INFO ] [2018-03-01 20:18:27] com.diyiliu.client.netty.handler.ClientHandler [33] - 已连接服务器...
[INFO ] [2018-03-01 20:18:27] com.diyiliu.client.netty.ChatClient [62] - 客户端启动...
[INFO ] [2018-03-01 20:18:27] com.diyiliu.server.netty.handler.ServerHandler [44] - [192.168.10.10:56231]建立连接...
[INFO ] [2018-03-01 20:18:27] com.diyiliu.server.netty.handler.ServerHandler [44] - [192.168.10.10:56230]建立连接...
[INFO ] [2018-03-01 20:18:27] com.diyiliu.server.netty.handler.ServerHandler [44] - [192.168.10.10:56229]建立连接...
[INFO ] [2018-03-01 20:19:40] com.diyiliu.server.netty.handler.ServerHandler [50] - [192.168.10.10:56231]断开连接...
[INFO ] [2018-03-01 20:19:44] com.diyiliu.server.netty.handler.ServerHandler [50] - [192.168.10.10:56229]断开连接...
[INFO ] [2018-03-01 20:19:47] com.diyiliu.server.netty.handler.ServerHandler [50] - [192.168.10.10:56230]断开连接...
[INFO ] [2018-03-01 20:24:59] org.springframework.context.support.ClassPathXmlApplicationContext [589] - Refreshing org.springframework.context.support.ClassPathXmlApplicationContext@2b98378d: startup date [Thu Mar 01 20:24:59 CST 2018]; root of context hierarchy
[INFO ] [2018-03-01 20:24:59] org.springframework.beans.factory.xml.XmlBeanDefinitionReader [316] - Loading XML bean definitions from class path resource [applicationContext.xml]
[INFO ] [2018-03-01 20:25:00] org.springframework.context.support.ClassPathXmlApplicationContext [589] - Refreshing org.springframework.context.support.ClassPathXmlApplicationContext@2b98378d: startup date [Thu Mar 01 20:25:00 CST 2018]; root of context hierarchy
[INFO ] [2018-03-01 20:25:00] org.springframework.beans.factory.xml.XmlBeanDefinitionReader [316] - Loading XML bean definitions from class path resource [applicationContext.xml]
[INFO ] [2018-03-01 20:25:03] org.springframework.context.support.ClassPathXmlApplicationContext [589] - Refreshing org.springframework.context.support.ClassPathXmlApplicationContext@2b98378d: startup date [Thu Mar 01 20:25:03 CST 2018]; root of context hierarchy
[INFO ] [2018-03-01 20:25:03] org.springframework.beans.factory.xml.XmlBeanDefinitionReader [316] - Loading XML bean definitions from class path resource [applicationContext.xml]
[INFO ] [2018-03-01 20:25:05] org.springframework.context.support.ClassPathXmlApplicationContext [589] - Refreshing org.springframework.context.support.ClassPathXmlApplicationContext@2b98378d: startup date [Thu Mar 01 20:25:05 CST 2018]; root of context hierarchy
[INFO ] [2018-03-01 20:25:05] org.springframework.beans.factory.xml.XmlBeanDefinitionReader [316] - Loading XML bean definitions from class path resource [applicationContext.xml]
[INFO ] [2018-03-01 20:25:12] com.diyiliu.server.netty.ChatServer [52] - 服务器启动...
[INFO ] [2018-03-01 20:25:16] com.diyiliu.client.netty.ChatClient [62] - 客户端启动...
[INFO ] [2018-03-01 20:25:16] com.diyiliu.client.netty.handler.ClientHandler [33] - 已连接服务器...
[INFO ] [2018-03-01 20:25:16] com.diyiliu.server.netty.handler.ServerHandler [44] - [192.168.10.10:57081]建立连接...
[INFO ] [2018-03-01 20:25:20] com.diyiliu.client.netty.ChatClient [84] - 客户端, 尝试第1次重连...
[INFO ] [2018-03-01 20:25:20] com.diyiliu.client.netty.ChatClient [62] - 客户端启动...
[INFO ] [2018-03-01 20:25:20] com.diyiliu.client.netty.handler.ClientHandler [33] - 已连接服务器...
[INFO ] [2018-03-01 20:25:20] com.diyiliu.server.netty.handler.ServerHandler [44] - [192.168.10.10:57110]建立连接...
[INFO ] [2018-03-01 20:25:25] com.diyiliu.server.netty.handler.ServerHandler [44] - [192.168.10.10:57143]建立连接...
[INFO ] [2018-03-01 20:25:25] com.diyiliu.client.netty.ChatClient [62] - 客户端启动...
[INFO ] [2018-03-01 20:25:25] com.diyiliu.client.netty.handler.ClientHandler [33] - 已连接服务器...
[INFO ] [2018-03-01 20:25:32] com.diyiliu.server.netty.ChatServer [57] - 服务器已停止!
[INFO ] [2018-03-01 20:25:32] com.diyiliu.server.netty.handler.ServerHandler [50] - [192.168.10.10:57143]断开连接...
[INFO ] [2018-03-01 20:25:32] com.diyiliu.server.netty.handler.ServerHandler [50] - [192.168.10.10:57110]断开连接...
[INFO ] [2018-03-01 20:25:32] com.diyiliu.server.netty.handler.ServerHandler [50] - [192.168.10.10:57081]断开连接...
[INFO ] [2018-03-01 20:25:39] com.diyiliu.server.netty.ChatServer [52] - 服务器启动...
[INFO ] [2018-03-01 20:25:42] com.diyiliu.client.netty.ChatClient [84] - 客户端, 尝试第1次重连...
[INFO ] [2018-03-01 20:25:42] com.diyiliu.client.netty.ChatClient [84] - 客户端, 尝试第1次重连...
[INFO ] [2018-03-01 20:25:42] com.diyiliu.client.netty.ChatClient [84] - 客户端, 尝试第1次重连...
[INFO ] [2018-03-01 20:25:42] com.diyiliu.client.netty.ChatClient [62] - 客户端启动...
[INFO ] [2018-03-01 20:25:42] com.diyiliu.client.netty.handler.ClientHandler [33] - 已连接服务器...
[INFO ] [2018-03-01 20:25:42] com.diyiliu.server.netty.handler.ServerHandler [44] - [192.168.10.10:57281]建立连接...
[INFO ] [2018-03-01 20:25:42] com.diyiliu.client.netty.ChatClient [62] - 客户端启动...
[INFO ] [2018-03-01 20:25:42] com.diyiliu.client.netty.handler.ClientHandler [33] - 已连接服务器...
[INFO ] [2018-03-01 20:25:42] com.diyiliu.client.netty.ChatClient [62] - 客户端启动...
[INFO ] [2018-03-01 20:25:42] com.diyiliu.client.netty.handler.ClientHandler [33] - 已连接服务器...
[INFO ] [2018-03-01 20:25:42] com.diyiliu.server.netty.handler.ServerHandler [44] - [192.168.10.10:57293]建立连接...
[INFO ] [2018-03-01 20:25:42] com.diyiliu.server.netty.handler.ServerHandler [44] - [192.168.10.10:57292]建立连接...
[INFO ] [2018-03-01 20:27:19] com.diyiliu.server.netty.handler.ServerHandler [50] - [192.168.10.10:57281]断开连接...
[INFO ] [2018-03-01 20:28:11] org.springframework.context.support.ClassPathXmlApplicationContext [589] - Refreshing org.springframework.context.support.ClassPathXmlApplicationContext@2b98378d: startup date [Thu Mar 01 20:28:11 CST 2018]; root of context hierarchy
[INFO ] [2018-03-01 20:28:11] org.springframework.beans.factory.xml.XmlBeanDefinitionReader [316] - Loading XML bean definitions from class path resource [applicationContext.xml]
[INFO ] [2018-03-01 20:28:13] org.springframework.context.support.ClassPathXmlApplicationContext [589] - Refreshing org.springframework.context.support.ClassPathXmlApplicationContext@2b98378d: startup date [Thu Mar 01 20:28:13 CST 2018]; root of context hierarchy
[INFO ] [2018-03-01 20:28:13] org.springframework.beans.factory.xml.XmlBeanDefinitionReader [316] - Loading XML bean definitions from class path resource [applicationContext.xml]
[INFO ] [2018-03-01 20:28:16] org.springframework.context.support.ClassPathXmlApplicationContext [589] - Refreshing org.springframework.context.support.ClassPathXmlApplicationContext@2b98378d: startup date [Thu Mar 01 20:28:16 CST 2018]; root of context hierarchy
[INFO ] [2018-03-01 20:28:17] org.springframework.beans.factory.xml.XmlBeanDefinitionReader [316] - Loading XML bean definitions from class path resource [applicationContext.xml]
[INFO ] [2018-03-01 20:28:18] org.springframework.context.support.ClassPathXmlApplicationContext [589] - Refreshing org.springframework.context.support.ClassPathXmlApplicationContext@2b98378d: startup date [Thu Mar 01 20:28:18 CST 2018]; root of context hierarchy
[INFO ] [2018-03-01 20:28:18] org.springframework.beans.factory.xml.XmlBeanDefinitionReader [316] - Loading XML bean definitions from class path resource [applicationContext.xml]
[INFO ] [2018-03-01 20:28:32] com.diyiliu.server.netty.ChatServer [52] - 服务器启动...
[INFO ] [2018-03-01 20:28:33] com.diyiliu.client.netty.ChatClient [84] - 客户端, 尝试第1次重连...
[INFO ] [2018-03-01 20:28:33] com.diyiliu.client.netty.ChatClient [62] - 客户端启动...
[INFO ] [2018-03-01 20:28:33] com.diyiliu.client.netty.handler.ClientHandler [33] - 已连接服务器...
[INFO ] [2018-03-01 20:28:33] com.diyiliu.server.netty.handler.ServerHandler [44] - [192.168.10.10:57743]建立连接...
[INFO ] [2018-03-01 20:28:33] com.diyiliu.client.netty.handler.ClientHandler [70] - 用户列表:["123"]
[INFO ] [2018-03-01 20:28:36] com.diyiliu.client.netty.ChatClient [84] - 客户端, 尝试第1次重连...
[INFO ] [2018-03-01 20:28:37] com.diyiliu.client.netty.ChatClient [62] - 客户端启动...
[INFO ] [2018-03-01 20:28:37] com.diyiliu.client.netty.handler.ClientHandler [33] - 已连接服务器...
[INFO ] [2018-03-01 20:28:37] com.diyiliu.server.netty.handler.ServerHandler [44] - [192.168.10.10:57772]建立连接...
[INFO ] [2018-03-01 20:28:37] com.diyiliu.client.netty.handler.ClientHandler [70] - 用户列表:["456","123"]
[INFO ] [2018-03-01 20:28:37] com.diyiliu.client.netty.handler.ClientHandler [70] - 用户列表:["456","123"]
[INFO ] [2018-03-01 20:28:41] com.diyiliu.client.netty.ChatClient [84] - 客户端, 尝试第1次重连...
[INFO ] [2018-03-01 20:28:41] com.diyiliu.client.netty.ChatClient [62] - 客户端启动...
[INFO ] [2018-03-01 20:28:41] com.diyiliu.client.netty.handler.ClientHandler [33] - 已连接服务器...
[INFO ] [2018-03-01 20:28:41] com.diyiliu.server.netty.handler.ServerHandler [44] - [192.168.10.10:57803]建立连接...
[INFO ] [2018-03-01 20:28:41] com.diyiliu.client.netty.handler.ClientHandler [70] - 用户列表:["456","123","789"]
[INFO ] [2018-03-01 20:28:41] com.diyiliu.client.netty.handler.ClientHandler [70] - 用户列表:["456","123","789"]
[INFO ] [2018-03-01 20:28:41] com.diyiliu.client.netty.handler.ClientHandler [70] - 用户列表:["456","123","789"]
[INFO ] [2018-03-01 20:28:48] com.diyiliu.server.netty.ChatServer [57] - 服务器已停止!
[INFO ] [2018-03-01 20:28:48] com.diyiliu.server.netty.handler.ServerHandler [50] - [192.168.10.10:57772]断开连接...
[INFO ] [2018-03-01 20:28:48] com.diyiliu.server.netty.handler.ServerHandler [50] - [192.168.10.10:57803]断开连接...
[INFO ] [2018-03-01 20:28:48] com.diyiliu.server.netty.handler.ServerHandler [50] - [192.168.10.10:57743]断开连接...
[INFO ] [2018-03-01 20:28:52] com.diyiliu.server.netty.ChatServer [52] - 服务器启动...
[INFO ] [2018-03-01 20:28:58] com.diyiliu.client.netty.ChatClient [84] - 客户端, 尝试第1次重连...
[INFO ] [2018-03-01 20:28:58] com.diyiliu.client.netty.ChatClient [84] - 客户端, 尝试第1次重连...
[INFO ] [2018-03-01 20:28:58] com.diyiliu.client.netty.ChatClient [84] - 客户端, 尝试第1次重连...
[INFO ] [2018-03-01 20:28:58] com.diyiliu.client.netty.ChatClient [62] - 客户端启动...
[INFO ] [2018-03-01 20:28:58] com.diyiliu.client.netty.handler.ClientHandler [33] - 已连接服务器...
[INFO ] [2018-03-01 20:28:58] com.diyiliu.client.netty.handler.ClientHandler [33] - 已连接服务器...
[INFO ] [2018-03-01 20:28:58] com.diyiliu.client.netty.handler.ClientHandler [33] - 已连接服务器...
[INFO ] [2018-03-01 20:28:58] com.diyiliu.client.netty.ChatClient [62] - 客户端启动...
[INFO ] [2018-03-01 20:28:58] com.diyiliu.client.netty.ChatClient [62] - 客户端启动...
[INFO ] [2018-03-01 20:28:58] com.diyiliu.server.netty.handler.ServerHandler [44] - [192.168.10.10:57955]建立连接...
[INFO ] [2018-03-01 20:28:58] com.diyiliu.server.netty.handler.ServerHandler [44] - [192.168.10.10:57956]建立连接...
[INFO ] [2018-03-01 20:28:58] com.diyiliu.server.netty.handler.ServerHandler [44] - [192.168.10.10:57954]建立连接...
[INFO ] [2018-03-01 20:28:58] com.diyiliu.client.netty.handler.ClientHandler [70] - 用户列表:["123"]
[INFO ] [2018-03-01 20:28:58] com.diyiliu.client.netty.handler.ClientHandler [70] - 用户列表:["456","123"]
[INFO ] [2018-03-01 20:28:58] com.diyiliu.client.netty.handler.ClientHandler [70] - 用户列表:["456","123"]
[INFO ] [2018-03-01 20:28:58] com.diyiliu.client.netty.handler.ClientHandler [70] - 用户列表:["789","456","123"]
[INFO ] [2018-03-01 20:28:58] com.diyiliu.client.netty.handler.ClientHandler [70] - 用户列表:["789","456","123"]
[INFO ] [2018-03-01 20:28:58] com.diyiliu.client.netty.handler.ClientHandler [70] - 用户列表:["789","456","123"]
[INFO ] [2018-03-01 20:29:24] com.diyiliu.server.netty.ChatServer [57] - 服务器已停止!
[INFO ] [2018-03-01 20:29:24] com.diyiliu.server.netty.handler.ServerHandler [50] - [192.168.10.10:57954]断开连接...
[INFO ] [2018-03-01 20:29:24] com.diyiliu.server.netty.handler.ServerHandler [50] - [192.168.10.10:57956]断开连接...
[INFO ] [2018-03-01 20:29:24] com.diyiliu.server.netty.handler.ServerHandler [50] - [192.168.10.10:57955]断开连接...
[INFO ] [2018-03-01 20:29:27] com.diyiliu.server.netty.ChatServer [52] - 服务器启动...
[INFO ] [2018-03-01 20:29:34] com.diyiliu.client.netty.ChatClient [84] - 客户端, 尝试第1次重连...
[INFO ] [2018-03-01 20:29:34] com.diyiliu.client.netty.ChatClient [84] - 客户端, 尝试第1次重连...
[INFO ] [2018-03-01 20:29:34] com.diyiliu.client.netty.ChatClient [84] - 客户端, 尝试第1次重连...
[INFO ] [2018-03-01 20:29:34] com.diyiliu.client.netty.ChatClient [62] - 客户端启动...
[INFO ] [2018-03-01 20:29:34] com.diyiliu.client.netty.handler.ClientHandler [33] - 已连接服务器...
[INFO ] [2018-03-01 20:29:34] com.diyiliu.client.netty.ChatClient [62] - 客户端启动...
[INFO ] [2018-03-01 20:29:34] com.diyiliu.client.netty.handler.ClientHandler [33] - 已连接服务器...
[INFO ] [2018-03-01 20:29:34] com.diyiliu.client.netty.handler.ClientHandler [33] - 已连接服务器...
[INFO ] [2018-03-01 20:29:34] com.diyiliu.client.netty.ChatClient [62] - 客户端启动...
[INFO ] [2018-03-01 20:29:34] com.diyiliu.server.netty.handler.ServerHandler [44] - [192.168.10.10:58147]建立连接...
[INFO ] [2018-03-01 20:29:34] com.diyiliu.server.netty.handler.ServerHandler [44] - [192.168.10.10:58149]建立连接...
[INFO ] [2018-03-01 20:29:34] com.diyiliu.server.netty.handler.ServerHandler [44] - [192.168.10.10:58148]建立连接...
[INFO ] [2018-03-01 20:29:34] com.diyiliu.client.netty.handler.ClientHandler [70] - 用户列表:["456"]
[INFO ] [2018-03-01 20:29:34] com.diyiliu.client.netty.handler.ClientHandler [70] - 用户列表:["456","789"]
[INFO ] [2018-03-01 20:29:34] com.diyiliu.client.netty.handler.ClientHandler [70] - 用户列表:["456","789"]
[INFO ] [2018-03-01 20:29:34] com.diyiliu.client.netty.handler.ClientHandler [70] - 用户列表:["456","123","789"]
[INFO ] [2018-03-01 20:29:34] com.diyiliu.client.netty.handler.ClientHandler [70] - 用户列表:["456","123","789"]
[INFO ] [2018-03-01 20:29:34] com.diyiliu.client.netty.handler.ClientHandler [70] - 用户列表:["456","123","789"]
[INFO ] [2018-03-01 20:29:43] com.diyiliu.server.netty.ChatServer [57] - 服务器已停止!
[INFO ] [2018-03-01 20:29:43] com.diyiliu.server.netty.handler.ServerHandler [50] - [192.168.10.10:58149]断开连接...
[INFO ] [2018-03-01 20:29:43] com.diyiliu.server.netty.handler.ServerHandler [50] - [192.168.10.10:58148]断开连接...
[INFO ] [2018-03-01 20:29:43] com.diyiliu.server.netty.handler.ServerHandler [50] - [192.168.10.10:58147]断开连接...
[INFO ] [2018-03-01 20:29:48] com.diyiliu.server.netty.ChatServer [52] - 服务器启动...
[INFO ] [2018-03-01 20:29:53] com.diyiliu.client.netty.ChatClient [84] - 客户端, 尝试第1次重连...
[INFO ] [2018-03-01 20:29:53] com.diyiliu.client.netty.ChatClient [84] - 客户端, 尝试第1次重连...
[INFO ] [2018-03-01 20:29:53] com.diyiliu.client.netty.ChatClient [84] - 客户端, 尝试第1次重连...
[INFO ] [2018-03-01 20:29:53] com.diyiliu.client.netty.ChatClient [62] - 客户端启动...
[INFO ] [2018-03-01 20:29:53] com.diyiliu.client.netty.handler.ClientHandler [33] - 已连接服务器...
[INFO ] [2018-03-01 20:29:53] com.diyiliu.client.netty.handler.ClientHandler [33] - 已连接服务器...
[INFO ] [2018-03-01 20:29:53] com.diyiliu.client.netty.ChatClient [62] - 客户端启动...
[INFO ] [2018-03-01 20:29:53] com.diyiliu.server.netty.handler.ServerHandler [44] - [192.168.10.10:58296]建立连接...
[INFO ] [2018-03-01 20:29:53] com.diyiliu.server.netty.handler.ServerHandler [44] - [192.168.10.10:58300]建立连接...
[INFO ] [2018-03-01 20:29:53] com.diyiliu.client.netty.ChatClient [62] - 客户端启动...
[INFO ] [2018-03-01 20:29:53] com.diyiliu.client.netty.handler.ClientHandler [33] - 已连接服务器...
[INFO ] [2018-03-01 20:29:53] com.diyiliu.client.netty.handler.ClientHandler [70] - 用户列表:["789"]
[INFO ] [2018-03-01 20:29:53] com.diyiliu.server.netty.handler.ServerHandler [44] - [192.168.10.10:58301]建立连接...
[INFO ] [2018-03-01 20:29:53] com.diyiliu.client.netty.handler.ClientHandler [70] - 用户列表:["789","456"]
[INFO ] [2018-03-01 20:29:53] com.diyiliu.client.netty.handler.ClientHandler [70] - 用户列表:["789","456"]
[INFO ] [2018-03-01 20:29:53] com.diyiliu.client.netty.handler.ClientHandler [70] - 用户列表:["789","123","456"]
[INFO ] [2018-03-01 20:29:53] com.diyiliu.client.netty.handler.ClientHandler [70] - 用户列表:["789","123","456"]
[INFO ] [2018-03-01 20:29:53] com.diyiliu.client.netty.handler.ClientHandler [70] - 用户列表:["789","123","456"]
[INFO ] [2018-03-01 20:30:03] com.diyiliu.server.netty.ChatServer [57] - 服务器已停止!
[INFO ] [2018-03-01 20:30:03] com.diyiliu.server.netty.handler.ServerHandler [50] - [192.168.10.10:58300]断开连接...
[INFO ] [2018-03-01 20:30:03] com.diyiliu.server.netty.handler.ServerHandler [50] - [192.168.10.10:58296]断开连接...
[INFO ] [2018-03-01 20:30:03] com.diyiliu.server.netty.handler.ServerHandler [50] - [192.168.10.10:58301]断开连接...
[INFO ] [2018-03-01 20:30:10] com.diyiliu.server.netty.ChatServer [52] - 服务器启动...
[INFO ] [2018-03-01 20:30:13] com.diyiliu.client.netty.ChatClient [84] - 客户端, 尝试第1次重连...
[INFO ] [2018-03-01 20:30:13] com.diyiliu.client.netty.ChatClient [84] - 客户端, 尝试第1次重连...
[INFO ] [2018-03-01 20:30:13] com.diyiliu.client.netty.ChatClient [84] - 客户端, 尝试第1次重连...
[INFO ] [2018-03-01 20:30:13] com.diyiliu.client.netty.handler.ClientHandler [33] - 已连接服务器...
[INFO ] [2018-03-01 20:30:13] com.diyiliu.client.netty.ChatClient [62] - 客户端启动...
[INFO ] [2018-03-01 20:30:13] com.diyiliu.client.netty.handler.ClientHandler [33] - 已连接服务器...
[INFO ] [2018-03-01 20:30:13] com.diyiliu.client.netty.ChatClient [62] - 客户端启动...
[INFO ] [2018-03-01 20:30:13] com.diyiliu.client.netty.ChatClient [62] - 客户端启动...
[INFO ] [2018-03-01 20:30:13] com.diyiliu.client.netty.handler.ClientHandler [33] - 已连接服务器...
[INFO ] [2018-03-01 20:30:13] com.diyiliu.server.netty.handler.ServerHandler [44] - [192.168.10.10:58453]建立连接...
[INFO ] [2018-03-01 20:30:13] com.diyiliu.server.netty.handler.ServerHandler [44] - [192.168.10.10:58454]建立连接...
[INFO ] [2018-03-01 20:30:13] com.diyiliu.server.netty.handler.ServerHandler [44] - [192.168.10.10:58455]建立连接...
[INFO ] [2018-03-01 20:30:13] com.diyiliu.client.netty.handler.ClientHandler [70] - 用户列表:["123"]
[INFO ] [2018-03-01 20:30:13] com.diyiliu.client.netty.handler.ClientHandler [70] - 用户列表:["123","789"]
[INFO ] [2018-03-01 20:30:13] com.diyiliu.client.netty.handler.ClientHandler [70] - 用户列表:["123","789"]
[INFO ] [2018-03-01 20:30:13] com.diyiliu.client.netty.handler.ClientHandler [70] - 用户列表:["456","123","789"]
[INFO ] [2018-03-01 20:30:13] com.diyiliu.client.netty.handler.ClientHandler [70] - 用户列表:["456","123","789"]
[INFO ] [2018-03-01 20:30:13] com.diyiliu.client.netty.handler.ClientHandler [70] - 用户列表:["456","123","789"]
